2016-04-09 5:44:11 - MOD: Modification Default
FILE: system/engine/action.php
REGEX: ~(require|include)(_once)?\(([^)]+)~
LINE: 39
FILE: system/engine/loader.php
REGEX: ~(require|include)(_once)?\(([^)]+)~
LINE: 20
LINE: 59
LINE: 80
LINE: 99
FILE: system/library/config.php
REGEX: ~(require|include)(_once)?\(([^)]+)~
LINE: 23
FILE: system/library/language.php
REGEX: ~(require|include)(_once)?\(([^)]+)~
LINE: 25
LINE: 31
----------------------------------------------------------------
MOD: Instalador sem FTP
FILE: admin/controller/extension/installer.php
CODE: public function ftp() {
LINE: 252
CODE: public function sql() {
LINE: 510
----------------------------------------------------------------
2016-04-09 5:58:10 - MOD: Modification Default
FILE: system/engine/action.php
REGEX: ~(require|include)(_once)?\(([^)]+)~
LINE: 39
FILE: system/engine/loader.php
REGEX: ~(require|include)(_once)?\(([^)]+)~
LINE: 20
LINE: 59
LINE: 80
LINE: 99
FILE: system/library/config.php
REGEX: ~(require|include)(_once)?\(([^)]+)~
LINE: 23
FILE: system/library/language.php
REGEX: ~(require|include)(_once)?\(([^)]+)~
LINE: 25
LINE: 31
----------------------------------------------------------------
MOD: Instalador sem FTP
FILE: admin/controller/extension/installer.php
CODE: public function ftp() {
LINE: 252
CODE: public function sql() {
LINE: 510
----------------------------------------------------------------
MOD: Local copy OCMOD by iSenseLabs
CODE: 'url'  => str_replace('&amp;', '&', $this->url->link('extension/installer/ftp', 'token=' . $this->session->data['token'],
LINE: 132
CODE: public function unzip() {
LINE: 293
----------------------------------------------------------------
2016-04-09 6:17:09 - MOD: Modification Default
FILE: system/engine/action.php
REGEX: ~(require|include)(_once)?\(([^)]+)~
LINE: 39
FILE: system/engine/loader.php
REGEX: ~(require|include)(_once)?\(([^)]+)~
LINE: 20
LINE: 59
LINE: 80
LINE: 99
FILE: system/library/config.php
REGEX: ~(require|include)(_once)?\(([^)]+)~
LINE: 23
FILE: system/library/language.php
REGEX: ~(require|include)(_once)?\(([^)]+)~
LINE: 25
LINE: 31
----------------------------------------------------------------
MOD: Instalador sem FTP
FILE: admin/controller/extension/installer.php
CODE: public function ftp() {
LINE: 252
CODE: public function sql() {
LINE: 510
----------------------------------------------------------------
MOD: Local copy OCMOD by iSenseLabs
CODE: 'url'  => str_replace('&amp;', '&', $this->url->link('extension/installer/ftp', 'token=' . $this->session->data['token'],
LINE: 132
CODE: public function unzip() {
LINE: 293
----------------------------------------------------------------
MOD: OCMOD FTP Fix
CODE: private $error = array();
LINE: 19
CODE: public function ftp() {
LINE: 460
CODE: public function ftp_disabled() {
LINE: 492
----------------------------------------------------------------
2016-04-09 6:18:06 - MOD: Modification Default
FILE: system/engine/action.php
REGEX: ~(require|include)(_once)?\(([^)]+)~
LINE: 39
FILE: system/engine/loader.php
REGEX: ~(require|include)(_once)?\(([^)]+)~
LINE: 20
LINE: 59
LINE: 80
LINE: 99
FILE: system/library/config.php
REGEX: ~(require|include)(_once)?\(([^)]+)~
LINE: 23
FILE: system/library/language.php
REGEX: ~(require|include)(_once)?\(([^)]+)~
LINE: 25
LINE: 31
----------------------------------------------------------------
MOD: Bug Erro FTP - TecSecret
FILE: admin/controller/extension/installer.php
CODE: 'url'  => str_replace('&amp;', '&', $this->url->link('extension/installer/ftp', 'token=' . $this->session->data['token'], 'SSL')),
LINE: 132
CODE: public function unzip() {
LINE: 282
----------------------------------------------------------------
MOD: Instalador sem FTP
CODE: public function ftp() {
LINE: 317
CODE: public function sql() {
LINE: 575
----------------------------------------------------------------
MOD: Local copy OCMOD by iSenseLabs
CODE: 'url'  => str_replace('&amp;', '&', $this->url->link('extension/installer/ftp', 'token=' . $this->session->data['token'],
NOT FOUND!
----------------------------------------------------------------
MOD: OCMOD FTP Fix
CODE: private $error = array();
LINE: 19
CODE: public function ftp() {
LINE: 449
CODE: public function ftp_disabled() {
LINE: 481
----------------------------------------------------------------
2016-04-09 6:18:28 - MOD: Modification Default
FILE: system/engine/action.php
REGEX: ~(require|include)(_once)?\(([^)]+)~
LINE: 39
FILE: system/engine/loader.php
REGEX: ~(require|include)(_once)?\(([^)]+)~
LINE: 20
LINE: 59
LINE: 80
LINE: 99
FILE: system/library/config.php
REGEX: ~(require|include)(_once)?\(([^)]+)~
LINE: 23
FILE: system/library/language.php
REGEX: ~(require|include)(_once)?\(([^)]+)~
LINE: 25
LINE: 31
----------------------------------------------------------------
MOD: Bug Erro FTP - TecSecret
FILE: admin/controller/extension/installer.php
CODE: 'url'  => str_replace('&amp;', '&', $this->url->link('extension/installer/ftp', 'token=' . $this->session->data['token'], 'SSL')),
LINE: 132
CODE: public function unzip() {
LINE: 282
----------------------------------------------------------------
MOD: Instalador sem FTP
CODE: public function ftp() {
LINE: 317
CODE: public function sql() {
LINE: 575
----------------------------------------------------------------
MOD: Local copy OCMOD by iSenseLabs
CODE: 'url'  => str_replace('&amp;', '&', $this->url->link('extension/installer/ftp', 'token=' . $this->session->data['token'],
NOT FOUND!
----------------------------------------------------------------
MOD: OCMOD FTP Fix
CODE: private $error = array();
LINE: 19
CODE: public function ftp() {
LINE: 449
CODE: public function ftp_disabled() {
LINE: 481
----------------------------------------------------------------
2016-04-09 6:19:36 - MOD: Modification Default
FILE: system/engine/action.php
REGEX: ~(require|include)(_once)?\(([^)]+)~
LINE: 39
FILE: system/engine/loader.php
REGEX: ~(require|include)(_once)?\(([^)]+)~
LINE: 20
LINE: 59
LINE: 80
LINE: 99
FILE: system/library/config.php
REGEX: ~(require|include)(_once)?\(([^)]+)~
LINE: 23
FILE: system/library/language.php
REGEX: ~(require|include)(_once)?\(([^)]+)~
LINE: 25
LINE: 31
----------------------------------------------------------------
2016-04-09 6:19:49 - MOD: Modification Default
FILE: system/engine/action.php
REGEX: ~(require|include)(_once)?\(([^)]+)~
LINE: 39
FILE: system/engine/loader.php
REGEX: ~(require|include)(_once)?\(([^)]+)~
LINE: 20
LINE: 59
LINE: 80
LINE: 99
FILE: system/library/config.php
REGEX: ~(require|include)(_once)?\(([^)]+)~
LINE: 23
FILE: system/library/language.php
REGEX: ~(require|include)(_once)?\(([^)]+)~
LINE: 25
LINE: 31
----------------------------------------------------------------
MOD: Instalador sem FTP
FILE: admin/controller/extension/installer.php
CODE: public function ftp() {
LINE: 252
CODE: public function sql() {
LINE: 510
----------------------------------------------------------------
2016-04-09 6:56:10 - MOD: Modification Default
FILE: system/engine/action.php
REGEX: ~(require|include)(_once)?\(([^)]+)~
LINE: 39
FILE: system/engine/loader.php
REGEX: ~(require|include)(_once)?\(([^)]+)~
LINE: 20
LINE: 59
LINE: 80
LINE: 99
FILE: system/library/config.php
REGEX: ~(require|include)(_once)?\(([^)]+)~
LINE: 23
FILE: system/library/language.php
REGEX: ~(require|include)(_once)?\(([^)]+)~
LINE: 25
LINE: 31
----------------------------------------------------------------
MOD: Instalador sem FTP
FILE: admin/controller/extension/installer.php
CODE: public function ftp() {
LINE: 330
CODE: public function sql() {
LINE: 588
----------------------------------------------------------------
2016-04-11 21:44:16 - MOD: Modification Default
FILE: system/engine/action.php
REGEX: ~(require|include)(_once)?\(([^)]+)~
LINE: 39
FILE: system/engine/loader.php
REGEX: ~(require|include)(_once)?\(([^)]+)~
LINE: 20
LINE: 59
LINE: 80
LINE: 99
FILE: system/library/config.php
REGEX: ~(require|include)(_once)?\(([^)]+)~
LINE: 23
FILE: system/library/language.php
REGEX: ~(require|include)(_once)?\(([^)]+)~
LINE: 25
LINE: 31
----------------------------------------------------------------
MOD: Instalador sem FTP
FILE: admin/controller/extension/installer.php
CODE: public function ftp() {
LINE: 330
CODE: public function sql() {
LINE: 588
----------------------------------------------------------------
2016-04-12 2:56:34 - MOD: Modification Default
FILE: system/engine/action.php
REGEX: ~(require|include)(_once)?\(([^)]+)~
LINE: 39
FILE: system/engine/loader.php
REGEX: ~(require|include)(_once)?\(([^)]+)~
LINE: 20
LINE: 59
LINE: 80
LINE: 99
FILE: system/library/config.php
REGEX: ~(require|include)(_once)?\(([^)]+)~
LINE: 23
FILE: system/library/language.php
REGEX: ~(require|include)(_once)?\(([^)]+)~
LINE: 25
LINE: 31
----------------------------------------------------------------
MOD: Instalador sem FTP
FILE: admin/controller/extension/installer.php
CODE: public function ftp() {
LINE: 330
CODE: public function sql() {
LINE: 588
----------------------------------------------------------------
2016-04-12 5:10:42 - MOD: Modification Default
FILE: system/engine/action.php
REGEX: ~(require|include)(_once)?\(([^)]+)~
LINE: 39
FILE: system/engine/loader.php
REGEX: ~(require|include)(_once)?\(([^)]+)~
LINE: 20
LINE: 59
LINE: 80
LINE: 99
FILE: system/library/config.php
REGEX: ~(require|include)(_once)?\(([^)]+)~
LINE: 23
FILE: system/library/language.php
REGEX: ~(require|include)(_once)?\(([^)]+)~
LINE: 25
LINE: 31
----------------------------------------------------------------
MOD: Instalador sem FTP
FILE: admin/controller/extension/installer.php
CODE: public function ftp() {
LINE: 330
CODE: public function sql() {
LINE: 588
----------------------------------------------------------------
2016-04-27 18:31:31 - MOD: Modification Default
FILE: system/engine/action.php
REGEX: ~(require|include)(_once)?\(([^)]+)~
LINE: 39
FILE: system/engine/loader.php
REGEX: ~(require|include)(_once)?\(([^)]+)~
LINE: 20
LINE: 59
LINE: 80
LINE: 99
FILE: system/library/config.php
REGEX: ~(require|include)(_once)?\(([^)]+)~
LINE: 23
FILE: system/library/language.php
REGEX: ~(require|include)(_once)?\(([^)]+)~
LINE: 25
LINE: 31
----------------------------------------------------------------
MOD: Instalador sem FTP
FILE: admin/controller/extension/installer.php
CODE: public function ftp() {
LINE: 330
CODE: public function sql() {
LINE: 588
----------------------------------------------------------------
MOD: Mapa de vendas no Brasil
FILE: admin/controller/common/dashboard.php
CODE: $data['map'] = $this->load->controller('dashboard/map');
LINE: 41
----------------------------------------------------------------
2016-05-04 20:56:49 - MOD: Modification Default
FILE: system/engine/action.php
REGEX: ~(require|include)(_once)?\(([^)]+)~
LINE: 39
FILE: system/engine/loader.php
REGEX: ~(require|include)(_once)?\(([^)]+)~
LINE: 20
LINE: 59
LINE: 80
LINE: 99
FILE: system/library/config.php
REGEX: ~(require|include)(_once)?\(([^)]+)~
LINE: 23
FILE: system/library/language.php
REGEX: ~(require|include)(_once)?\(([^)]+)~
LINE: 25
LINE: 31
----------------------------------------------------------------
MOD: Instalador sem FTP
FILE: admin/controller/extension/installer.php
CODE: public function ftp() {
LINE: 330
CODE: public function sql() {
LINE: 588
----------------------------------------------------------------
MOD: Mapa de vendas no Brasil
FILE: admin/controller/common/dashboard.php
CODE: $data['map'] = $this->load->controller('dashboard/map');
LINE: 41
----------------------------------------------------------------
2016-05-19 19:37:18 - MOD: Modification Default
FILE: system/engine/action.php
REGEX: ~(require|include)(_once)?\(([^)]+)~
LINE: 39
FILE: system/engine/loader.php
REGEX: ~(require|include)(_once)?\(([^)]+)~
LINE: 20
LINE: 59
LINE: 80
LINE: 99
FILE: system/library/config.php
REGEX: ~(require|include)(_once)?\(([^)]+)~
LINE: 23
FILE: system/library/language.php
REGEX: ~(require|include)(_once)?\(([^)]+)~
LINE: 25
LINE: 31
----------------------------------------------------------------
MOD: admin autocomplete improved
FILE: admin/controller/common/header.php
CODE: $data['styles'] = $this->document->getStyles();
LINE: 19
FILE: admin/view/template/catalog/product_list.tpl
REGEX: /(\$\('input\[name=\\'(filter_[^\\]+).+{)(\n.+)(\n.+)(\n.+)/
LINE: 198
LINE: 218
FILE: admin/view/template/catalog/product_form.tpl
REGEX: /(\$\('input\[name=\\'([^\\]+).+{)(\n.+)(\n.+)(\n.+)/
LINE: 924
LINE: 951
LINE: 980
LINE: 1009
LINE: 1038
LINE: 1088
LINE: 1118
----------------------------------------------------------------
MOD: Instalador sem FTP
FILE: admin/controller/extension/installer.php
CODE: public function ftp() {
LINE: 330
CODE: public function sql() {
LINE: 588
----------------------------------------------------------------
MOD: Mapa de vendas no Brasil
FILE: admin/controller/common/dashboard.php
CODE: $data['map'] = $this->load->controller('dashboard/map');
LINE: 41
----------------------------------------------------------------
2016-05-19 19:37:44 - MOD: Modification Default
FILE: system/engine/action.php
REGEX: ~(require|include)(_once)?\(([^)]+)~
LINE: 39
FILE: system/engine/loader.php
REGEX: ~(require|include)(_once)?\(([^)]+)~
LINE: 20
LINE: 59
LINE: 80
LINE: 99
FILE: system/library/config.php
REGEX: ~(require|include)(_once)?\(([^)]+)~
LINE: 23
FILE: system/library/language.php
REGEX: ~(require|include)(_once)?\(([^)]+)~
LINE: 25
LINE: 31
----------------------------------------------------------------
MOD: admin autocomplete improved
FILE: admin/controller/common/header.php
CODE: $data['styles'] = $this->document->getStyles();
LINE: 19
FILE: admin/view/template/catalog/product_list.tpl
REGEX: /(\$\('input\[name=\\'(filter_[^\\]+).+{)(\n.+)(\n.+)(\n.+)/
LINE: 198
LINE: 218
FILE: admin/view/template/catalog/product_form.tpl
REGEX: /(\$\('input\[name=\\'([^\\]+).+{)(\n.+)(\n.+)(\n.+)/
LINE: 924
LINE: 951
LINE: 980
LINE: 1009
LINE: 1038
LINE: 1088
LINE: 1118
----------------------------------------------------------------
MOD: Instalador sem FTP
FILE: admin/controller/extension/installer.php
CODE: public function ftp() {
LINE: 330
CODE: public function sql() {
LINE: 588
----------------------------------------------------------------
MOD: Mapa de vendas no Brasil
FILE: admin/controller/common/dashboard.php
CODE: $data['map'] = $this->load->controller('dashboard/map');
LINE: 41
----------------------------------------------------------------
2016-05-19 19:44:00 - MOD: Modification Default
FILE: system/engine/action.php
REGEX: ~(require|include)(_once)?\(([^)]+)~
LINE: 39
FILE: system/engine/loader.php
REGEX: ~(require|include)(_once)?\(([^)]+)~
LINE: 20
LINE: 59
LINE: 80
LINE: 99
FILE: system/library/config.php
REGEX: ~(require|include)(_once)?\(([^)]+)~
LINE: 23
FILE: system/library/language.php
REGEX: ~(require|include)(_once)?\(([^)]+)~
LINE: 25
LINE: 31
----------------------------------------------------------------
MOD: admin autocomplete improved
FILE: admin/controller/common/header.php
CODE: $data['styles'] = $this->document->getStyles();
LINE: 19
FILE: admin/view/template/catalog/product_list.tpl
REGEX: /(\$\('input\[name=\\'(filter_[^\\]+).+{)(\n.+)(\n.+)(\n.+)/
LINE: 198
LINE: 218
FILE: admin/view/template/catalog/product_form.tpl
REGEX: /(\$\('input\[name=\\'([^\\]+).+{)(\n.+)(\n.+)(\n.+)/
LINE: 924
LINE: 951
LINE: 980
LINE: 1009
LINE: 1038
LINE: 1088
LINE: 1118
----------------------------------------------------------------
MOD: Instalador sem FTP
FILE: admin/controller/extension/installer.php
CODE: public function ftp() {
LINE: 330
CODE: public function sql() {
LINE: 588
----------------------------------------------------------------
MOD: Mapa de vendas no Brasil
FILE: admin/controller/common/dashboard.php
CODE: $data['map'] = $this->load->controller('dashboard/map');
LINE: 41
----------------------------------------------------------------
2016-05-19 19:49:03 - MOD: Modification Default
FILE: system/engine/action.php
REGEX: ~(require|include)(_once)?\(([^)]+)~
LINE: 39
FILE: system/engine/loader.php
REGEX: ~(require|include)(_once)?\(([^)]+)~
LINE: 20
LINE: 59
LINE: 80
LINE: 99
FILE: system/library/config.php
REGEX: ~(require|include)(_once)?\(([^)]+)~
LINE: 23
FILE: system/library/language.php
REGEX: ~(require|include)(_once)?\(([^)]+)~
LINE: 25
LINE: 31
----------------------------------------------------------------
MOD: admin autocomplete improved
FILE: admin/controller/common/header.php
CODE: $data['styles'] = $this->document->getStyles();
LINE: 19
FILE: admin/view/template/catalog/product_list.tpl
REGEX: /(\$\('input\[name=\\'(filter_[^\\]+).+{)(\n.+)(\n.+)(\n.+)/
LINE: 198
LINE: 218
FILE: admin/view/template/catalog/product_form.tpl
REGEX: /(\$\('input\[name=\\'([^\\]+).+{)(\n.+)(\n.+)(\n.+)/
LINE: 924
LINE: 951
LINE: 980
LINE: 1009
LINE: 1038
LINE: 1088
LINE: 1118
----------------------------------------------------------------
MOD: Instalador sem FTP
FILE: admin/controller/extension/installer.php
CODE: public function ftp() {
LINE: 330
CODE: public function sql() {
LINE: 588
----------------------------------------------------------------
MOD: Mapa de vendas no Brasil
FILE: admin/controller/common/dashboard.php
CODE: $data['map'] = $this->load->controller('dashboard/map');
LINE: 41
----------------------------------------------------------------
2016-05-19 19:50:20 - MOD: Modification Default
FILE: system/engine/action.php
REGEX: ~(require|include)(_once)?\(([^)]+)~
LINE: 39
FILE: system/engine/loader.php
REGEX: ~(require|include)(_once)?\(([^)]+)~
LINE: 20
LINE: 59
LINE: 80
LINE: 99
FILE: system/library/config.php
REGEX: ~(require|include)(_once)?\(([^)]+)~
LINE: 23
FILE: system/library/language.php
REGEX: ~(require|include)(_once)?\(([^)]+)~
LINE: 25
LINE: 31
----------------------------------------------------------------
MOD: admin autocomplete improved
FILE: admin/controller/common/header.php
CODE: $data['styles'] = $this->document->getStyles();
LINE: 19
FILE: admin/view/template/catalog/product_list.tpl
REGEX: /(\$\('input\[name=\\'(filter_[^\\]+).+{)(\n.+)(\n.+)(\n.+)/
LINE: 198
LINE: 218
FILE: admin/view/template/catalog/product_form.tpl
REGEX: /(\$\('input\[name=\\'([^\\]+).+{)(\n.+)(\n.+)(\n.+)/
LINE: 924
LINE: 951
LINE: 980
LINE: 1009
LINE: 1038
LINE: 1088
LINE: 1118
----------------------------------------------------------------
MOD: Instalador sem FTP
FILE: admin/controller/extension/installer.php
CODE: public function ftp() {
LINE: 330
CODE: public function sql() {
LINE: 588
----------------------------------------------------------------
MOD: Mapa de vendas no Brasil
FILE: admin/controller/common/dashboard.php
CODE: $data['map'] = $this->load->controller('dashboard/map');
LINE: 41
----------------------------------------------------------------
2016-05-19 20:07:45 - MOD: Modification Default
FILE: system/engine/action.php
REGEX: ~(require|include)(_once)?\(([^)]+)~
LINE: 39
FILE: system/engine/loader.php
REGEX: ~(require|include)(_once)?\(([^)]+)~
LINE: 20
LINE: 59
LINE: 80
LINE: 99
FILE: system/library/config.php
REGEX: ~(require|include)(_once)?\(([^)]+)~
LINE: 23
FILE: system/library/language.php
REGEX: ~(require|include)(_once)?\(([^)]+)~
LINE: 25
LINE: 31
----------------------------------------------------------------
MOD: admin autocomplete improved
FILE: admin/controller/common/header.php
CODE: $data['styles'] = $this->document->getStyles();
LINE: 19
FILE: admin/view/template/catalog/product_list.tpl
REGEX: /(\$\('input\[name=\\'(filter_[^\\]+).+{)(\n.+)(\n.+)(\n.+)/
LINE: 198
LINE: 218
FILE: admin/view/template/catalog/product_form.tpl
REGEX: /(\$\('input\[name=\\'([^\\]+).+{)(\n.+)(\n.+)(\n.+)/
LINE: 924
LINE: 951
LINE: 980
LINE: 1009
LINE: 1038
LINE: 1088
LINE: 1118
----------------------------------------------------------------
MOD: Gerenciador de arquivos com múltiplos uploads habilitado
FILE: admin/language/english/common/filemanager.php
CODE: // Text
LINE: 7
FILE: admin/language/portuguese-br/common/filemanager.php
CODE: // Text
LINE: 7
FILE: admin/controller/common/filemanager.php
CODE: public function upload() {
LINE: 301
FILE: admin/view/template/common/filemanager.tpl
CODE: $('body').prepend('<form enctype="multipart/form-data" id="form-upload" style="display: none;"><input type="file" name="file" value="" /></form>');
LINE: 139
CODE: timer = setInterval(function() {
LINE: 150
CODE: if ($('#form-upload input[name=\'file\']').val() != '') {
LINE: 160
CODE: url: 'index.php?route=common/filemanager/upload&token=<?php echo $token; ?>&directory=<?php echo $directory; ?>',
LINE: 164
CODE: data: new FormData($('#form-upload')[0]),
LINE: 167
----------------------------------------------------------------
MOD: Instalador sem FTP
FILE: admin/controller/extension/installer.php
CODE: public function ftp() {
LINE: 330
CODE: public function sql() {
LINE: 588
----------------------------------------------------------------
MOD: Mapa de vendas no Brasil
FILE: admin/controller/common/dashboard.php
CODE: $data['map'] = $this->load->controller('dashboard/map');
LINE: 41
----------------------------------------------------------------
2016-05-19 20:23:08 - MOD: Modification Default
FILE: system/engine/action.php
REGEX: ~(require|include)(_once)?\(([^)]+)~
LINE: 39
FILE: system/engine/loader.php
REGEX: ~(require|include)(_once)?\(([^)]+)~
LINE: 20
LINE: 59
LINE: 80
LINE: 99
FILE: system/library/config.php
REGEX: ~(require|include)(_once)?\(([^)]+)~
LINE: 23
FILE: system/library/language.php
REGEX: ~(require|include)(_once)?\(([^)]+)~
LINE: 25
LINE: 31
----------------------------------------------------------------
MOD: admin autocomplete improved
FILE: admin/controller/common/header.php
CODE: $data['styles'] = $this->document->getStyles();
LINE: 19
FILE: admin/view/template/catalog/product_list.tpl
REGEX: /(\$\('input\[name=\\'(filter_[^\\]+).+{)(\n.+)(\n.+)(\n.+)/
LINE: 198
LINE: 218
FILE: admin/view/template/catalog/product_form.tpl
REGEX: /(\$\('input\[name=\\'([^\\]+).+{)(\n.+)(\n.+)(\n.+)/
LINE: 924
LINE: 951
LINE: 980
LINE: 1009
LINE: 1038
LINE: 1088
LINE: 1118
----------------------------------------------------------------
MOD: Editor e calendário traduzidos na administração
FILE: admin/view/template/common/header.tpl
CODE: <script src="view/javascript/jquery/datetimepicker/moment.js" type="text/javascript"></script>
LINE: 19
----------------------------------------------------------------
MOD: Gerenciador de arquivos com múltiplos uploads habilitado
FILE: admin/language/english/common/filemanager.php
CODE: // Text
LINE: 7
FILE: admin/language/portuguese-br/common/filemanager.php
CODE: // Text
LINE: 7
FILE: admin/controller/common/filemanager.php
CODE: public function upload() {
LINE: 301
FILE: admin/view/template/common/filemanager.tpl
CODE: $('body').prepend('<form enctype="multipart/form-data" id="form-upload" style="display: none;"><input type="file" name="file" value="" /></form>');
LINE: 139
CODE: timer = setInterval(function() {
LINE: 150
CODE: if ($('#form-upload input[name=\'file\']').val() != '') {
LINE: 160
CODE: url: 'index.php?route=common/filemanager/upload&token=<?php echo $token; ?>&directory=<?php echo $directory; ?>',
LINE: 164
CODE: data: new FormData($('#form-upload')[0]),
LINE: 167
----------------------------------------------------------------
MOD: Instalador sem FTP
FILE: admin/controller/extension/installer.php
CODE: public function ftp() {
LINE: 330
CODE: public function sql() {
LINE: 588
----------------------------------------------------------------
MOD: Mapa de vendas no Brasil
FILE: admin/controller/common/dashboard.php
CODE: $data['map'] = $this->load->controller('dashboard/map');
LINE: 41
----------------------------------------------------------------
2016-05-19 20:37:45 - MOD: Modification Default
FILE: system/engine/action.php
REGEX: ~(require|include)(_once)?\(([^)]+)~
LINE: 39
FILE: system/engine/loader.php
REGEX: ~(require|include)(_once)?\(([^)]+)~
LINE: 20
LINE: 59
LINE: 80
LINE: 99
FILE: system/library/config.php
REGEX: ~(require|include)(_once)?\(([^)]+)~
LINE: 23
FILE: system/library/language.php
REGEX: ~(require|include)(_once)?\(([^)]+)~
LINE: 25
LINE: 31
----------------------------------------------------------------
MOD: admin autocomplete improved
FILE: admin/controller/common/header.php
CODE: $data['styles'] = $this->document->getStyles();
LINE: 19
FILE: admin/view/template/catalog/product_list.tpl
REGEX: /(\$\('input\[name=\\'(filter_[^\\]+).+{)(\n.+)(\n.+)(\n.+)/
LINE: 198
LINE: 218
FILE: admin/view/template/catalog/product_form.tpl
REGEX: /(\$\('input\[name=\\'([^\\]+).+{)(\n.+)(\n.+)(\n.+)/
LINE: 924
LINE: 951
LINE: 980
LINE: 1009
LINE: 1038
LINE: 1088
LINE: 1118
----------------------------------------------------------------
MOD: AIRCode Username in Header
FILE: catalog/controller/common/header.php
CODE: $data['telephone'] = $this->config->get('config_telephone');
LINE: 95
FILE: catalog/view/theme/default/template/common/header.tpl
CODE: <span class="hidden-xs hidden-sm hidden-md"><?php echo $text_account; ?></span>
LINE: 47
----------------------------------------------------------------
MOD: Editor e calendário traduzidos na administração
FILE: admin/view/template/common/header.tpl
CODE: <script src="view/javascript/jquery/datetimepicker/moment.js" type="text/javascript"></script>
LINE: 19
----------------------------------------------------------------
MOD: Gerenciador de arquivos com múltiplos uploads habilitado
FILE: admin/language/english/common/filemanager.php
CODE: // Text
LINE: 7
FILE: admin/language/portuguese-br/common/filemanager.php
CODE: // Text
LINE: 7
FILE: admin/controller/common/filemanager.php
CODE: public function upload() {
LINE: 301
FILE: admin/view/template/common/filemanager.tpl
CODE: $('body').prepend('<form enctype="multipart/form-data" id="form-upload" style="display: none;"><input type="file" name="file" value="" /></form>');
LINE: 139
CODE: timer = setInterval(function() {
LINE: 150
CODE: if ($('#form-upload input[name=\'file\']').val() != '') {
LINE: 160
CODE: url: 'index.php?route=common/filemanager/upload&token=<?php echo $token; ?>&directory=<?php echo $directory; ?>',
LINE: 164
CODE: data: new FormData($('#form-upload')[0]),
LINE: 167
----------------------------------------------------------------
MOD: Instalador sem FTP
FILE: admin/controller/extension/installer.php
CODE: public function ftp() {
LINE: 330
CODE: public function sql() {
LINE: 588
----------------------------------------------------------------
MOD: Mapa de vendas no Brasil
FILE: admin/controller/common/dashboard.php
CODE: $data['map'] = $this->load->controller('dashboard/map');
LINE: 41
----------------------------------------------------------------
2016-05-19 20:39:09 - MOD: Modification Default
FILE: system/engine/action.php
REGEX: ~(require|include)(_once)?\(([^)]+)~
LINE: 39
FILE: system/engine/loader.php
REGEX: ~(require|include)(_once)?\(([^)]+)~
LINE: 20
LINE: 59
LINE: 80
LINE: 99
FILE: system/library/config.php
REGEX: ~(require|include)(_once)?\(([^)]+)~
LINE: 23
FILE: system/library/language.php
REGEX: ~(require|include)(_once)?\(([^)]+)~
LINE: 25
LINE: 31
----------------------------------------------------------------
MOD: admin autocomplete improved
FILE: admin/controller/common/header.php
CODE: $data['styles'] = $this->document->getStyles();
LINE: 19
FILE: admin/view/template/catalog/product_list.tpl
REGEX: /(\$\('input\[name=\\'(filter_[^\\]+).+{)(\n.+)(\n.+)(\n.+)/
LINE: 198
LINE: 218
FILE: admin/view/template/catalog/product_form.tpl
REGEX: /(\$\('input\[name=\\'([^\\]+).+{)(\n.+)(\n.+)(\n.+)/
LINE: 924
LINE: 951
LINE: 980
LINE: 1009
LINE: 1038
LINE: 1088
LINE: 1118
----------------------------------------------------------------
MOD: AIRCode Username in Header
FILE: catalog/controller/common/header.php
CODE: $data['telephone'] = $this->config->get('config_telephone');
LINE: 95
FILE: catalog/view/theme/default/template/common/header.tpl
CODE: <span class="hidden-xs hidden-sm hidden-md"><?php echo $text_account; ?></span>
LINE: 47
----------------------------------------------------------------
MOD: Editor e calendário traduzidos na administração
FILE: admin/view/template/common/header.tpl
CODE: <script src="view/javascript/jquery/datetimepicker/moment.js" type="text/javascript"></script>
LINE: 19
----------------------------------------------------------------
MOD: Gerenciador de arquivos com múltiplos uploads habilitado
FILE: admin/language/english/common/filemanager.php
CODE: // Text
LINE: 7
FILE: admin/language/portuguese-br/common/filemanager.php
CODE: // Text
LINE: 7
FILE: admin/controller/common/filemanager.php
CODE: public function upload() {
LINE: 301
FILE: admin/view/template/common/filemanager.tpl
CODE: $('body').prepend('<form enctype="multipart/form-data" id="form-upload" style="display: none;"><input type="file" name="file" value="" /></form>');
LINE: 139
CODE: timer = setInterval(function() {
LINE: 150
CODE: if ($('#form-upload input[name=\'file\']').val() != '') {
LINE: 160
CODE: url: 'index.php?route=common/filemanager/upload&token=<?php echo $token; ?>&directory=<?php echo $directory; ?>',
LINE: 164
CODE: data: new FormData($('#form-upload')[0]),
LINE: 167
----------------------------------------------------------------
MOD: Instalador sem FTP
FILE: admin/controller/extension/installer.php
CODE: public function ftp() {
LINE: 330
CODE: public function sql() {
LINE: 588
----------------------------------------------------------------
MOD: Mapa de vendas no Brasil
FILE: admin/controller/common/dashboard.php
CODE: $data['map'] = $this->load->controller('dashboard/map');
LINE: 41
----------------------------------------------------------------
MOD: Validação CPF e CNPJ
FILE: catalog/controller/account/register.php
CODE: class ControllerAccountRegister extends Controller {
LINE: 188
CODE: if ((utf8_strlen($this->request->post['password']) < 4) || (utf8_strlen($this->request->post['password']) > 20)) {
LINE: 666
FILE: catalog/controller/checkout/register.php
CODE: class ControllerCheckoutRegister extends Controller {
LINE: 184
CODE: foreach ($custom_fields as $custom_field) {
LINE: 459
----------------------------------------------------------------
2016-05-19 20:43:25 - MOD: Modification Default
FILE: system/engine/action.php
REGEX: ~(require|include)(_once)?\(([^)]+)~
LINE: 39
FILE: system/engine/loader.php
REGEX: ~(require|include)(_once)?\(([^)]+)~
LINE: 20
LINE: 59
LINE: 80
LINE: 99
FILE: system/library/config.php
REGEX: ~(require|include)(_once)?\(([^)]+)~
LINE: 23
FILE: system/library/language.php
REGEX: ~(require|include)(_once)?\(([^)]+)~
LINE: 25
LINE: 31
----------------------------------------------------------------
MOD: admin autocomplete improved
FILE: admin/controller/common/header.php
CODE: $data['styles'] = $this->document->getStyles();
LINE: 19
FILE: admin/view/template/catalog/product_list.tpl
REGEX: /(\$\('input\[name=\\'(filter_[^\\]+).+{)(\n.+)(\n.+)(\n.+)/
LINE: 198
LINE: 218
FILE: admin/view/template/catalog/product_form.tpl
REGEX: /(\$\('input\[name=\\'([^\\]+).+{)(\n.+)(\n.+)(\n.+)/
LINE: 924
LINE: 951
LINE: 980
LINE: 1009
LINE: 1038
LINE: 1088
LINE: 1118
----------------------------------------------------------------
MOD: AIRCode Username in Header
FILE: catalog/controller/common/header.php
CODE: $data['telephone'] = $this->config->get('config_telephone');
LINE: 95
FILE: catalog/view/theme/default/template/common/header.tpl
CODE: <span class="hidden-xs hidden-sm hidden-md"><?php echo $text_account; ?></span>
LINE: 47
----------------------------------------------------------------
MOD: Editor e calendário traduzidos na administração
FILE: admin/view/template/common/header.tpl
CODE: <script src="view/javascript/jquery/datetimepicker/moment.js" type="text/javascript"></script>
LINE: 19
----------------------------------------------------------------
MOD: Gerenciador de arquivos com múltiplos uploads habilitado
FILE: admin/language/english/common/filemanager.php
CODE: // Text
LINE: 7
FILE: admin/language/portuguese-br/common/filemanager.php
CODE: // Text
LINE: 7
FILE: admin/controller/common/filemanager.php
CODE: public function upload() {
LINE: 301
FILE: admin/view/template/common/filemanager.tpl
CODE: $('body').prepend('<form enctype="multipart/form-data" id="form-upload" style="display: none;"><input type="file" name="file" value="" /></form>');
LINE: 139
CODE: timer = setInterval(function() {
LINE: 150
CODE: if ($('#form-upload input[name=\'file\']').val() != '') {
LINE: 160
CODE: url: 'index.php?route=common/filemanager/upload&token=<?php echo $token; ?>&directory=<?php echo $directory; ?>',
LINE: 164
CODE: data: new FormData($('#form-upload')[0]),
LINE: 167
----------------------------------------------------------------
MOD: Instalador sem FTP
FILE: admin/controller/extension/installer.php
CODE: public function ftp() {
LINE: 330
CODE: public function sql() {
LINE: 588
----------------------------------------------------------------
MOD: Mapa de vendas no Brasil
FILE: admin/controller/common/dashboard.php
CODE: $data['map'] = $this->load->controller('dashboard/map');
LINE: 41
----------------------------------------------------------------
MOD: Status do Pedido Interativo
FILE: catalog/view/theme/default/template/account/order_info.tpl
CODE: <h2><?php echo $heading_title; ?></h2>
LINE: 260
CODE: <?php echo $footer; ?>
LINE: 430
FILE: catalog/view/theme/megashop/template/account/order_info.tpl
CODE: <h2><?php echo $heading_title; ?></h2>
NOT FOUND!
CODE: <?php echo $footer; ?>
NOT FOUND!
FILE: catalog/language/portuguese-br/portuguese-br.php
CODE: $_['date_format_short']     = 'd/m/Y';
LINE: 4
----------------------------------------------------------------
MOD: Validação CPF e CNPJ
FILE: catalog/controller/account/register.php
CODE: class ControllerAccountRegister extends Controller {
LINE: 188
CODE: if ((utf8_strlen($this->request->post['password']) < 4) || (utf8_strlen($this->request->post['password']) > 20)) {
LINE: 666
FILE: catalog/controller/checkout/register.php
CODE: class ControllerCheckoutRegister extends Controller {
LINE: 184
CODE: foreach ($custom_fields as $custom_field) {
LINE: 459
----------------------------------------------------------------
2016-05-19 21:26:28 - MOD: Modification Default
FILE: system/engine/action.php
REGEX: ~(require|include)(_once)?\(([^)]+)~
LINE: 39
FILE: system/engine/loader.php
REGEX: ~(require|include)(_once)?\(([^)]+)~
LINE: 20
LINE: 59
LINE: 80
LINE: 99
FILE: system/library/config.php
REGEX: ~(require|include)(_once)?\(([^)]+)~
LINE: 23
FILE: system/library/language.php
REGEX: ~(require|include)(_once)?\(([^)]+)~
LINE: 25
LINE: 31
----------------------------------------------------------------
MOD: <font color="#0000"><b>Display Name Lastname Affiliate</font>
FILE: catalog/language/english/affiliate/account.php
CODE: <?php
LINE: 3
FILE: catalog/language/portuguese-br/affiliate/account.php
CODE: <?php
LINE: 3
FILE: catalog/controller/affiliate/account.php
CODE: $data['text_my_account'] = $this->language->get('text_my_account');
LINE: 31
FILE: catalog/view/theme/default/template/affiliate/account.tpl
CODE: <h2><?php echo $text_my_account; ?></h2>
LINE: 22
FILE: catalog/view/theme/megashop/template/affiliate/account.tpl
CODE: <h2><?php echo $text_my_account; ?></h2>
LINE: 8
----------------------------------------------------------------
MOD: admin autocomplete improved
FILE: admin/controller/common/header.php
CODE: $data['styles'] = $this->document->getStyles();
LINE: 19
FILE: admin/view/template/catalog/product_list.tpl
REGEX: /(\$\('input\[name=\\'(filter_[^\\]+).+{)(\n.+)(\n.+)(\n.+)/
LINE: 198
LINE: 218
FILE: admin/view/template/catalog/product_form.tpl
REGEX: /(\$\('input\[name=\\'([^\\]+).+{)(\n.+)(\n.+)(\n.+)/
LINE: 924
LINE: 951
LINE: 980
LINE: 1009
LINE: 1038
LINE: 1088
LINE: 1118
----------------------------------------------------------------
MOD: AIRCode Username in Header
FILE: catalog/controller/common/header.php
CODE: $data['telephone'] = $this->config->get('config_telephone');
LINE: 95
FILE: catalog/view/theme/default/template/common/header.tpl
CODE: <span class="hidden-xs hidden-sm hidden-md"><?php echo $text_account; ?></span>
LINE: 47
----------------------------------------------------------------
MOD: Editor e calendário traduzidos na administração
FILE: admin/view/template/common/header.tpl
CODE: <script src="view/javascript/jquery/datetimepicker/moment.js" type="text/javascript"></script>
LINE: 19
----------------------------------------------------------------
MOD: Gerenciador de arquivos com múltiplos uploads habilitado
FILE: admin/language/english/common/filemanager.php
CODE: // Text
LINE: 7
FILE: admin/language/portuguese-br/common/filemanager.php
CODE: // Text
LINE: 7
FILE: admin/controller/common/filemanager.php
CODE: public function upload() {
LINE: 301
FILE: admin/view/template/common/filemanager.tpl
CODE: $('body').prepend('<form enctype="multipart/form-data" id="form-upload" style="display: none;"><input type="file" name="file" value="" /></form>');
LINE: 139
CODE: timer = setInterval(function() {
LINE: 150
CODE: if ($('#form-upload input[name=\'file\']').val() != '') {
LINE: 160
CODE: url: 'index.php?route=common/filemanager/upload&token=<?php echo $token; ?>&directory=<?php echo $directory; ?>',
LINE: 164
CODE: data: new FormData($('#form-upload')[0]),
LINE: 167
----------------------------------------------------------------
MOD: Instalador sem FTP
FILE: admin/controller/extension/installer.php
CODE: public function ftp() {
LINE: 330
CODE: public function sql() {
LINE: 588
----------------------------------------------------------------
MOD: Mapa de vendas no Brasil
FILE: admin/controller/common/dashboard.php
CODE: $data['map'] = $this->load->controller('dashboard/map');
LINE: 41
----------------------------------------------------------------
MOD: Status do Pedido Interativo
FILE: catalog/view/theme/default/template/account/order_info.tpl
CODE: <h2><?php echo $heading_title; ?></h2>
LINE: 260
CODE: <?php echo $footer; ?>
LINE: 430
FILE: catalog/view/theme/megashop/template/account/order_info.tpl
CODE: <h2><?php echo $heading_title; ?></h2>
NOT FOUND!
CODE: <?php echo $footer; ?>
NOT FOUND!
FILE: catalog/language/portuguese-br/portuguese-br.php
CODE: $_['date_format_short']     = 'd/m/Y';
LINE: 4
----------------------------------------------------------------
MOD: Validação CPF e CNPJ
FILE: catalog/controller/account/register.php
CODE: class ControllerAccountRegister extends Controller {
LINE: 188
CODE: if ((utf8_strlen($this->request->post['password']) < 4) || (utf8_strlen($this->request->post['password']) > 20)) {
LINE: 666
FILE: catalog/controller/checkout/register.php
CODE: class ControllerCheckoutRegister extends Controller {
LINE: 184
CODE: foreach ($custom_fields as $custom_field) {
LINE: 459
----------------------------------------------------------------
2016-06-29 17:28:44 - MOD: Modification Default
FILE: system/engine/action.php
REGEX: ~(require|include)(_once)?\(([^)]+)~
LINE: 39
FILE: system/engine/loader.php
REGEX: ~(require|include)(_once)?\(([^)]+)~
LINE: 20
LINE: 59
LINE: 80
LINE: 99
FILE: system/library/config.php
REGEX: ~(require|include)(_once)?\(([^)]+)~
LINE: 23
FILE: system/library/language.php
REGEX: ~(require|include)(_once)?\(([^)]+)~
LINE: 25
LINE: 31
----------------------------------------------------------------
MOD: admin autocomplete improved
FILE: admin/controller/common/header.php
CODE: $data['styles'] = $this->document->getStyles();
LINE: 19
FILE: admin/view/template/catalog/product_list.tpl
REGEX: /(\$\('input\[name=\\'(filter_[^\\]+).+{)(\n.+)(\n.+)(\n.+)/
LINE: 198
LINE: 218
FILE: admin/view/template/catalog/product_form.tpl
REGEX: /(\$\('input\[name=\\'([^\\]+).+{)(\n.+)(\n.+)(\n.+)/
LINE: 924
LINE: 951
LINE: 980
LINE: 1009
LINE: 1038
LINE: 1088
LINE: 1118
----------------------------------------------------------------
MOD: AIRCode Username in Header
FILE: catalog/controller/common/header.php
CODE: $data['telephone'] = $this->config->get('config_telephone');
LINE: 95
FILE: catalog/view/theme/default/template/common/header.tpl
CODE: <span class="hidden-xs hidden-sm hidden-md"><?php echo $text_account; ?></span>
LINE: 47
----------------------------------------------------------------
MOD: Auto Completar Endereço Brasil
FILE: catalog/model/localisation/zone.php
CODE: public function getZone($zone_id) {
LINE: 13
FILE: catalog/controller/account/register.php
CODE: public function customfield() {
LINE: 462
FILE: catalog/view/theme/default/template/account/register.tpl
CODE: <?php echo $footer; ?>
LINE: 766
CODE: <label class="col-sm-2 control-label" for="input-postcode"><?php echo $entry_postcode; ?></label>
LINE: 274
CODE: <label class="col-sm-2 control-label" for="input-country"><?php echo $entry_country; ?></label>
LINE: 284
CODE: <label class="col-sm-2 control-label" for="input-address-1"><?php echo $entry_address_1; ?></label>
LINE: 260
FILE: catalog/view/theme/megashop/template/account/register.tpl
CODE: <?php echo $footer; ?>
LINE: 742
CODE: <label class="col-sm-2 control-label" for="input-postcode"><?php echo $entry_postcode; ?></label>
LINE: 259
CODE: <label class="col-sm-2 control-label" for="input-country"><?php echo $entry_country; ?></label>
LINE: 269
CODE: <label class="col-sm-2 control-label" for="input-address-1"><?php echo $entry_address_1; ?></label>
LINE: 245
FILE: catalog/view/theme/default/template/affiliate/register.tpl
CODE: <?php echo $footer; ?>
LINE: 393
CODE: <label class="col-sm-2 control-label" for="input-postcode"><?php echo $entry_postcode; ?></label>
LINE: 108
CODE: <label class="col-sm-2 control-label" for="input-country"><?php echo $entry_country; ?></label>
LINE: 118
CODE: <label class="col-sm-2 control-label" for="input-address-1"><?php echo $entry_address_1; ?></label>
LINE: 94
FILE: catalog/view/theme/megashop/template/affiliate/register.tpl
CODE: <?php echo $footer; ?>
LINE: 379
CODE: <label class="col-sm-2 control-label" for="input-postcode"><?php echo $entry_postcode; ?></label>
LINE: 93
CODE: <label class="col-sm-2 control-label" for="input-country"><?php echo $entry_country; ?></label>
LINE: 103
CODE: <label class="col-sm-2 control-label" for="input-address-1"><?php echo $entry_address_1; ?></label>
LINE: 79
FILE: catalog/view/theme/default/template/account/address_form.tpl
CODE: <?php echo $footer; ?>
LINE: 476
CODE: <label class="col-sm-2 control-label" for="input-postcode"><?php echo $entry_postcode; ?></label>
LINE: 69
CODE: <label class="col-sm-2 control-label" for="input-country"><?php echo $entry_country; ?></label>
LINE: 79
CODE: <label class="col-sm-2 control-label" for="input-address-1"><?php echo $entry_address_1; ?></label>
LINE: 55
FILE: catalog/view/theme/megashop/template/account/address_form.tpl
CODE: <?php echo $footer; ?>
LINE: 459
CODE: <label class="col-sm-2 control-label" for="input-postcode"><?php echo $entry_postcode; ?></label>
LINE: 58
CODE: <label class="col-sm-2 control-label" for="input-country"><?php echo $entry_country; ?></label>
LINE: 68
CODE: <label class="col-sm-2 control-label" for="input-address-1"><?php echo $entry_address_1; ?></label>
LINE: 44
FILE: catalog/view/theme/default/template/affiliate/edit.tpl
CODE: <?php echo $footer; ?>
LINE: 257
CODE: <label class="col-sm-2 control-label" for="input-postcode"><?php echo $entry_postcode; ?></label>
LINE: 106
CODE: <label class="col-sm-2 control-label" for="input-country"><?php echo $entry_country; ?></label>
LINE: 116
CODE: <label class="col-sm-2 control-label" for="input-address-1"><?php echo $entry_address_1; ?></label>
LINE: 92
FILE: catalog/view/theme/megashop/template/affiliate/edit.tpl
CODE: <?php echo $footer; ?>
LINE: 244
CODE: <label class="col-sm-2 control-label" for="input-postcode"><?php echo $entry_postcode; ?></label>
LINE: 91
CODE: <label class="col-sm-2 control-label" for="input-country"><?php echo $entry_country; ?></label>
LINE: 101
CODE: <label class="col-sm-2 control-label" for="input-address-1"><?php echo $entry_address_1; ?></label>
LINE: 77
FILE: catalog/view/theme/default/template/checkout/register.tpl
CODE: $('#collapse-payment-address select[name=\'country_id\']').trigger('change');
LINE: 545
CODE: <label class="control-label" for="input-payment-postcode"><?php echo $entry_postcode; ?></label>
LINE: 169
CODE: <label class="control-label" for="input-payment-country"><?php echo $entry_country; ?></label>
LINE: 174
CODE: <label class="control-label" for="input-payment-address-1"><?php echo $entry_address_1; ?></label>
LINE: 162
FILE: catalog/view/theme/megashop/template/checkout/register.tpl
CODE: $('#collapse-payment-address select[name=\'country_id\']').trigger('change');
LINE: 545
CODE: <label class="control-label" for="input-payment-postcode"><?php echo $entry_postcode; ?></label>
LINE: 169
CODE: <label class="control-label" for="input-payment-country"><?php echo $entry_country; ?></label>
LINE: 174
CODE: <label class="control-label" for="input-payment-address-1"><?php echo $entry_address_1; ?></label>
LINE: 162
FILE: catalog/view/theme/default/template/checkout/guest.tpl
CODE: $('#collapse-payment-address select[name=\'country_id\']').trigger('change');
LINE: 557
CODE: <label class="control-label" for="input-payment-postcode"><?php echo $entry_postcode; ?></label>
LINE: 174
CODE: <label class="control-label" for="input-payment-country"><?php echo $entry_country; ?></label>
LINE: 179
CODE: <label class="control-label" for="input-payment-address-1"><?php echo $entry_address_1; ?></label>
LINE: 167
FILE: catalog/view/theme/megashop/template/checkout/guest.tpl
CODE: $('#collapse-payment-address select[name=\'country_id\']').trigger('change');
LINE: 557
CODE: <label class="control-label" for="input-payment-postcode"><?php echo $entry_postcode; ?></label>
LINE: 174
CODE: <label class="control-label" for="input-payment-country"><?php echo $entry_country; ?></label>
LINE: 179
CODE: <label class="control-label" for="input-payment-address-1"><?php echo $entry_address_1; ?></label>
LINE: 167
FILE: catalog/view/theme/default/template/checkout/payment_address.tpl
CODE: $('#collapse-payment-address select[name=\'country_id\']').trigger('change');
LINE: 409
CODE: <label class="col-sm-2 control-label" for="input-payment-postcode"><?php echo $entry_postcode; ?></label>
LINE: 64
CODE: <label class="col-sm-2 control-label" for="input-payment-country"><?php echo $entry_country; ?></label>
LINE: 71
CODE: <label class="col-sm-2 control-label" for="input-payment-address-1"><?php echo $entry_address_1; ?></label>
LINE: 53
FILE: catalog/view/theme/megashop/template/checkout/payment_address.tpl
CODE: $('#collapse-payment-address select[name=\'country_id\']').trigger('change');
LINE: 409
CODE: <label class="col-sm-2 control-label" for="input-payment-postcode"><?php echo $entry_postcode; ?></label>
LINE: 64
CODE: <label class="col-sm-2 control-label" for="input-payment-country"><?php echo $entry_country; ?></label>
LINE: 71
CODE: <label class="col-sm-2 control-label" for="input-payment-address-1"><?php echo $entry_address_1; ?></label>
LINE: 53
FILE: catalog/view/theme/default/template/checkout/guest_shipping.tpl
CODE: $('#collapse-shipping-address select[name=\'country_id\']').trigger('change');
LINE: 388
CODE: <label class="col-sm-2 control-label" for="input-shipping-postcode"><?php echo $entry_postcode; ?></label>
LINE: 39
CODE: <label class="col-sm-2 control-label" for="input-shipping-country"><?php echo $entry_country; ?></label>
LINE: 46
CODE: <label class="col-sm-2 control-label" for="input-shipping-address-1"><?php echo $entry_address_1; ?></label>
LINE: 28
FILE: catalog/view/theme/megashop/template/checkout/guest_shipping.tpl
CODE: $('#collapse-shipping-address select[name=\'country_id\']').trigger('change');
LINE: 388
CODE: <label class="col-sm-2 control-label" for="input-shipping-postcode"><?php echo $entry_postcode; ?></label>
LINE: 39
CODE: <label class="col-sm-2 control-label" for="input-shipping-country"><?php echo $entry_country; ?></label>
LINE: 46
CODE: <label class="col-sm-2 control-label" for="input-shipping-address-1"><?php echo $entry_address_1; ?></label>
LINE: 28
FILE: catalog/view/theme/default/template/checkout/shipping_address.tpl
CODE: $('#collapse-shipping-address select[name=\'country_id\']').trigger('change');
LINE: 408
CODE: <label class="col-sm-2 control-label" for="input-shipping-postcode"><?php echo $entry_postcode; ?></label>
LINE: 64
CODE: <label class="col-sm-2 control-label" for="input-shipping-country"><?php echo $entry_country; ?></label>
LINE: 71
CODE: <label class="col-sm-2 control-label" for="input-shipping-address-1"><?php echo $entry_address_1; ?></label>
LINE: 53
FILE: catalog/view/theme/megashop/template/checkout/shipping_address.tpl
CODE: $('#collapse-shipping-address select[name=\'country_id\']').trigger('change');
LINE: 408
CODE: <label class="col-sm-2 control-label" for="input-shipping-postcode"><?php echo $entry_postcode; ?></label>
LINE: 64
CODE: <label class="col-sm-2 control-label" for="input-shipping-country"><?php echo $entry_country; ?></label>
LINE: 71
CODE: <label class="col-sm-2 control-label" for="input-shipping-address-1"><?php echo $entry_address_1; ?></label>
LINE: 53
----------------------------------------------------------------
MOD: Boleto Caixa - Segunda Via
FILE: catalog/model/account/order.php
CODE: 'payment_method'          => $order_query->row['payment_method'],
LINE: 73
FILE: catalog/controller/account/order.php
CODE: $order_info = $this->model_account_order->getOrder($order_id);
LINE: 128
LINE: 453
CODE: $data['payment_method'] = $order_info['payment_method'];
LINE: 250
FILE: catalog/view/theme/default/template/account/order_info.tpl
CODE: <div class="buttons clearfix">
LINE: 180
FILE: catalog/view/theme/megashop/template/account/order_info.tpl
CODE: <div class="buttons clearfix">
LINE: 158
----------------------------------------------------------------
MOD: Editor e calendário traduzidos na administração
FILE: admin/view/template/common/header.tpl
CODE: <script src="view/javascript/jquery/datetimepicker/moment.js" type="text/javascript"></script>
LINE: 19
----------------------------------------------------------------
MOD: Gerenciador de arquivos com múltiplos uploads habilitado
FILE: admin/language/english/common/filemanager.php
CODE: // Text
LINE: 7
FILE: admin/language/portuguese-br/common/filemanager.php
CODE: // Text
LINE: 7
FILE: admin/controller/common/filemanager.php
CODE: public function upload() {
LINE: 301
FILE: admin/view/template/common/filemanager.tpl
CODE: $('body').prepend('<form enctype="multipart/form-data" id="form-upload" style="display: none;"><input type="file" name="file" value="" /></form>');
LINE: 139
CODE: timer = setInterval(function() {
LINE: 150
CODE: if ($('#form-upload input[name=\'file\']').val() != '') {
LINE: 160
CODE: url: 'index.php?route=common/filemanager/upload&token=<?php echo $token; ?>&directory=<?php echo $directory; ?>',
LINE: 164
CODE: data: new FormData($('#form-upload')[0]),
LINE: 167
----------------------------------------------------------------
MOD: Instalador sem FTP
FILE: admin/controller/extension/installer.php
CODE: public function ftp() {
LINE: 330
CODE: public function sql() {
LINE: 588
----------------------------------------------------------------
MOD: Mapa de vendas no Brasil
FILE: admin/controller/common/dashboard.php
CODE: $data['map'] = $this->load->controller('dashboard/map');
LINE: 41
----------------------------------------------------------------
MOD: Status do Pedido Interativo
CODE: <h2><?php echo $heading_title; ?></h2>
LINE: 260
CODE: <?php echo $footer; ?>
LINE: 449
CODE: <h2><?php echo $heading_title; ?></h2>
NOT FOUND!
CODE: <?php echo $footer; ?>
NOT FOUND!
FILE: catalog/language/portuguese-br/portuguese-br.php
CODE: $_['date_format_short']     = 'd/m/Y';
LINE: 4
----------------------------------------------------------------
MOD: Validação CPF e CNPJ
CODE: class ControllerAccountRegister extends Controller {
LINE: 188
CODE: if ((utf8_strlen($this->request->post['password']) < 4) || (utf8_strlen($this->request->post['password']) > 20)) {
LINE: 666
FILE: catalog/controller/checkout/register.php
CODE: class ControllerCheckoutRegister extends Controller {
LINE: 184
CODE: foreach ($custom_fields as $custom_field) {
LINE: 459
----------------------------------------------------------------
2016-06-29 17:43:46 - MOD: Modification Default
FILE: system/engine/action.php
REGEX: ~(require|include)(_once)?\(([^)]+)~
LINE: 39
FILE: system/engine/loader.php
REGEX: ~(require|include)(_once)?\(([^)]+)~
LINE: 20
LINE: 59
LINE: 80
LINE: 99
FILE: system/library/config.php
REGEX: ~(require|include)(_once)?\(([^)]+)~
LINE: 23
FILE: system/library/language.php
REGEX: ~(require|include)(_once)?\(([^)]+)~
LINE: 25
LINE: 31
----------------------------------------------------------------
MOD: admin autocomplete improved
FILE: admin/controller/common/header.php
CODE: $data['styles'] = $this->document->getStyles();
LINE: 19
FILE: admin/view/template/catalog/product_list.tpl
REGEX: /(\$\('input\[name=\\'(filter_[^\\]+).+{)(\n.+)(\n.+)(\n.+)/
LINE: 198
LINE: 218
FILE: admin/view/template/catalog/product_form.tpl
REGEX: /(\$\('input\[name=\\'([^\\]+).+{)(\n.+)(\n.+)(\n.+)/
LINE: 924
LINE: 951
LINE: 980
LINE: 1009
LINE: 1038
LINE: 1088
LINE: 1118
----------------------------------------------------------------
MOD: AIRCode Username in Header
FILE: catalog/controller/common/header.php
CODE: $data['telephone'] = $this->config->get('config_telephone');
LINE: 95
FILE: catalog/view/theme/default/template/common/header.tpl
CODE: <span class="hidden-xs hidden-sm hidden-md"><?php echo $text_account; ?></span>
LINE: 47
----------------------------------------------------------------
MOD: Auto Completar Endereço Brasil
FILE: catalog/model/localisation/zone.php
CODE: public function getZone($zone_id) {
LINE: 13
FILE: catalog/controller/account/register.php
CODE: public function customfield() {
LINE: 462
FILE: catalog/view/theme/default/template/account/register.tpl
CODE: <?php echo $footer; ?>
LINE: 766
CODE: <label class="col-sm-2 control-label" for="input-postcode"><?php echo $entry_postcode; ?></label>
LINE: 274
CODE: <label class="col-sm-2 control-label" for="input-country"><?php echo $entry_country; ?></label>
LINE: 284
CODE: <label class="col-sm-2 control-label" for="input-address-1"><?php echo $entry_address_1; ?></label>
LINE: 260
FILE: catalog/view/theme/megashop/template/account/register.tpl
CODE: <?php echo $footer; ?>
LINE: 742
CODE: <label class="col-sm-2 control-label" for="input-postcode"><?php echo $entry_postcode; ?></label>
LINE: 259
CODE: <label class="col-sm-2 control-label" for="input-country"><?php echo $entry_country; ?></label>
LINE: 269
CODE: <label class="col-sm-2 control-label" for="input-address-1"><?php echo $entry_address_1; ?></label>
LINE: 245
FILE: catalog/view/theme/default/template/affiliate/register.tpl
CODE: <?php echo $footer; ?>
LINE: 393
CODE: <label class="col-sm-2 control-label" for="input-postcode"><?php echo $entry_postcode; ?></label>
LINE: 108
CODE: <label class="col-sm-2 control-label" for="input-country"><?php echo $entry_country; ?></label>
LINE: 118
CODE: <label class="col-sm-2 control-label" for="input-address-1"><?php echo $entry_address_1; ?></label>
LINE: 94
FILE: catalog/view/theme/megashop/template/affiliate/register.tpl
CODE: <?php echo $footer; ?>
LINE: 379
CODE: <label class="col-sm-2 control-label" for="input-postcode"><?php echo $entry_postcode; ?></label>
LINE: 93
CODE: <label class="col-sm-2 control-label" for="input-country"><?php echo $entry_country; ?></label>
LINE: 103
CODE: <label class="col-sm-2 control-label" for="input-address-1"><?php echo $entry_address_1; ?></label>
LINE: 79
FILE: catalog/view/theme/default/template/account/address_form.tpl
CODE: <?php echo $footer; ?>
LINE: 476
CODE: <label class="col-sm-2 control-label" for="input-postcode"><?php echo $entry_postcode; ?></label>
LINE: 69
CODE: <label class="col-sm-2 control-label" for="input-country"><?php echo $entry_country; ?></label>
LINE: 79
CODE: <label class="col-sm-2 control-label" for="input-address-1"><?php echo $entry_address_1; ?></label>
LINE: 55
FILE: catalog/view/theme/megashop/template/account/address_form.tpl
CODE: <?php echo $footer; ?>
LINE: 459
CODE: <label class="col-sm-2 control-label" for="input-postcode"><?php echo $entry_postcode; ?></label>
LINE: 58
CODE: <label class="col-sm-2 control-label" for="input-country"><?php echo $entry_country; ?></label>
LINE: 68
CODE: <label class="col-sm-2 control-label" for="input-address-1"><?php echo $entry_address_1; ?></label>
LINE: 44
FILE: catalog/view/theme/default/template/affiliate/edit.tpl
CODE: <?php echo $footer; ?>
LINE: 257
CODE: <label class="col-sm-2 control-label" for="input-postcode"><?php echo $entry_postcode; ?></label>
LINE: 106
CODE: <label class="col-sm-2 control-label" for="input-country"><?php echo $entry_country; ?></label>
LINE: 116
CODE: <label class="col-sm-2 control-label" for="input-address-1"><?php echo $entry_address_1; ?></label>
LINE: 92
FILE: catalog/view/theme/megashop/template/affiliate/edit.tpl
CODE: <?php echo $footer; ?>
LINE: 244
CODE: <label class="col-sm-2 control-label" for="input-postcode"><?php echo $entry_postcode; ?></label>
LINE: 91
CODE: <label class="col-sm-2 control-label" for="input-country"><?php echo $entry_country; ?></label>
LINE: 101
CODE: <label class="col-sm-2 control-label" for="input-address-1"><?php echo $entry_address_1; ?></label>
LINE: 77
FILE: catalog/view/theme/default/template/checkout/register.tpl
CODE: $('#collapse-payment-address select[name=\'country_id\']').trigger('change');
LINE: 545
CODE: <label class="control-label" for="input-payment-postcode"><?php echo $entry_postcode; ?></label>
LINE: 169
CODE: <label class="control-label" for="input-payment-country"><?php echo $entry_country; ?></label>
LINE: 174
CODE: <label class="control-label" for="input-payment-address-1"><?php echo $entry_address_1; ?></label>
LINE: 162
FILE: catalog/view/theme/megashop/template/checkout/register.tpl
CODE: $('#collapse-payment-address select[name=\'country_id\']').trigger('change');
LINE: 545
CODE: <label class="control-label" for="input-payment-postcode"><?php echo $entry_postcode; ?></label>
LINE: 169
CODE: <label class="control-label" for="input-payment-country"><?php echo $entry_country; ?></label>
LINE: 174
CODE: <label class="control-label" for="input-payment-address-1"><?php echo $entry_address_1; ?></label>
LINE: 162
FILE: catalog/view/theme/default/template/checkout/guest.tpl
CODE: $('#collapse-payment-address select[name=\'country_id\']').trigger('change');
LINE: 557
CODE: <label class="control-label" for="input-payment-postcode"><?php echo $entry_postcode; ?></label>
LINE: 174
CODE: <label class="control-label" for="input-payment-country"><?php echo $entry_country; ?></label>
LINE: 179
CODE: <label class="control-label" for="input-payment-address-1"><?php echo $entry_address_1; ?></label>
LINE: 167
FILE: catalog/view/theme/megashop/template/checkout/guest.tpl
CODE: $('#collapse-payment-address select[name=\'country_id\']').trigger('change');
LINE: 557
CODE: <label class="control-label" for="input-payment-postcode"><?php echo $entry_postcode; ?></label>
LINE: 174
CODE: <label class="control-label" for="input-payment-country"><?php echo $entry_country; ?></label>
LINE: 179
CODE: <label class="control-label" for="input-payment-address-1"><?php echo $entry_address_1; ?></label>
LINE: 167
FILE: catalog/view/theme/default/template/checkout/payment_address.tpl
CODE: $('#collapse-payment-address select[name=\'country_id\']').trigger('change');
LINE: 409
CODE: <label class="col-sm-2 control-label" for="input-payment-postcode"><?php echo $entry_postcode; ?></label>
LINE: 64
CODE: <label class="col-sm-2 control-label" for="input-payment-country"><?php echo $entry_country; ?></label>
LINE: 71
CODE: <label class="col-sm-2 control-label" for="input-payment-address-1"><?php echo $entry_address_1; ?></label>
LINE: 53
FILE: catalog/view/theme/megashop/template/checkout/payment_address.tpl
CODE: $('#collapse-payment-address select[name=\'country_id\']').trigger('change');
LINE: 409
CODE: <label class="col-sm-2 control-label" for="input-payment-postcode"><?php echo $entry_postcode; ?></label>
LINE: 64
CODE: <label class="col-sm-2 control-label" for="input-payment-country"><?php echo $entry_country; ?></label>
LINE: 71
CODE: <label class="col-sm-2 control-label" for="input-payment-address-1"><?php echo $entry_address_1; ?></label>
LINE: 53
FILE: catalog/view/theme/default/template/checkout/guest_shipping.tpl
CODE: $('#collapse-shipping-address select[name=\'country_id\']').trigger('change');
LINE: 388
CODE: <label class="col-sm-2 control-label" for="input-shipping-postcode"><?php echo $entry_postcode; ?></label>
LINE: 39
CODE: <label class="col-sm-2 control-label" for="input-shipping-country"><?php echo $entry_country; ?></label>
LINE: 46
CODE: <label class="col-sm-2 control-label" for="input-shipping-address-1"><?php echo $entry_address_1; ?></label>
LINE: 28
FILE: catalog/view/theme/megashop/template/checkout/guest_shipping.tpl
CODE: $('#collapse-shipping-address select[name=\'country_id\']').trigger('change');
LINE: 388
CODE: <label class="col-sm-2 control-label" for="input-shipping-postcode"><?php echo $entry_postcode; ?></label>
LINE: 39
CODE: <label class="col-sm-2 control-label" for="input-shipping-country"><?php echo $entry_country; ?></label>
LINE: 46
CODE: <label class="col-sm-2 control-label" for="input-shipping-address-1"><?php echo $entry_address_1; ?></label>
LINE: 28
FILE: catalog/view/theme/default/template/checkout/shipping_address.tpl
CODE: $('#collapse-shipping-address select[name=\'country_id\']').trigger('change');
LINE: 408
CODE: <label class="col-sm-2 control-label" for="input-shipping-postcode"><?php echo $entry_postcode; ?></label>
LINE: 64
CODE: <label class="col-sm-2 control-label" for="input-shipping-country"><?php echo $entry_country; ?></label>
LINE: 71
CODE: <label class="col-sm-2 control-label" for="input-shipping-address-1"><?php echo $entry_address_1; ?></label>
LINE: 53
FILE: catalog/view/theme/megashop/template/checkout/shipping_address.tpl
CODE: $('#collapse-shipping-address select[name=\'country_id\']').trigger('change');
LINE: 408
CODE: <label class="col-sm-2 control-label" for="input-shipping-postcode"><?php echo $entry_postcode; ?></label>
LINE: 64
CODE: <label class="col-sm-2 control-label" for="input-shipping-country"><?php echo $entry_country; ?></label>
LINE: 71
CODE: <label class="col-sm-2 control-label" for="input-shipping-address-1"><?php echo $entry_address_1; ?></label>
LINE: 53
----------------------------------------------------------------
MOD: Boleto Caixa - Segunda Via
FILE: catalog/model/account/order.php
CODE: 'payment_method'          => $order_query->row['payment_method'],
LINE: 73
FILE: catalog/controller/account/order.php
CODE: $order_info = $this->model_account_order->getOrder($order_id);
LINE: 128
LINE: 453
CODE: $data['payment_method'] = $order_info['payment_method'];
LINE: 250
FILE: catalog/view/theme/default/template/account/order_info.tpl
CODE: <div class="buttons clearfix">
LINE: 180
FILE: catalog/view/theme/megashop/template/account/order_info.tpl
CODE: <div class="buttons clearfix">
LINE: 158
----------------------------------------------------------------
MOD: Editor e calendário traduzidos na administração
FILE: admin/view/template/common/header.tpl
CODE: <script src="view/javascript/jquery/datetimepicker/moment.js" type="text/javascript"></script>
LINE: 19
----------------------------------------------------------------
MOD: Gerenciador de arquivos com múltiplos uploads habilitado
FILE: admin/language/english/common/filemanager.php
CODE: // Text
LINE: 7
FILE: admin/language/portuguese-br/common/filemanager.php
CODE: // Text
LINE: 7
FILE: admin/controller/common/filemanager.php
CODE: public function upload() {
LINE: 301
FILE: admin/view/template/common/filemanager.tpl
CODE: $('body').prepend('<form enctype="multipart/form-data" id="form-upload" style="display: none;"><input type="file" name="file" value="" /></form>');
LINE: 139
CODE: timer = setInterval(function() {
LINE: 150
CODE: if ($('#form-upload input[name=\'file\']').val() != '') {
LINE: 160
CODE: url: 'index.php?route=common/filemanager/upload&token=<?php echo $token; ?>&directory=<?php echo $directory; ?>',
LINE: 164
CODE: data: new FormData($('#form-upload')[0]),
LINE: 167
----------------------------------------------------------------
MOD: Instalador sem FTP
FILE: admin/controller/extension/installer.php
CODE: public function ftp() {
LINE: 330
CODE: public function sql() {
LINE: 588
----------------------------------------------------------------
MOD: Mapa de vendas no Brasil
FILE: admin/controller/common/dashboard.php
CODE: $data['map'] = $this->load->controller('dashboard/map');
LINE: 41
----------------------------------------------------------------
MOD: PagSeguro Checkout Transparente
FILE: catalog/controller/checkout/checkout.php
CODE: $this->load->language('checkout/checkout');
LINE: 33
FILE: catalog/view/theme/default/template/common/footer.tpl
CODE: <p><?php echo $powered; ?></p>
LINE: 44
FILE: catalog/view/theme/megashop/template/common/footer.tpl
CODE: <p><?php echo $powered; ?></p>
LINE: 321
----------------------------------------------------------------
MOD: Status do Pedido Interativo
CODE: <h2><?php echo $heading_title; ?></h2>
LINE: 260
CODE: <?php echo $footer; ?>
LINE: 449
CODE: <h2><?php echo $heading_title; ?></h2>
NOT FOUND!
CODE: <?php echo $footer; ?>
NOT FOUND!
FILE: catalog/language/portuguese-br/portuguese-br.php
CODE: $_['date_format_short']     = 'd/m/Y';
LINE: 4
----------------------------------------------------------------
MOD: Validação CPF e CNPJ
CODE: class ControllerAccountRegister extends Controller {
LINE: 188
CODE: if ((utf8_strlen($this->request->post['password']) < 4) || (utf8_strlen($this->request->post['password']) > 20)) {
LINE: 666
FILE: catalog/controller/checkout/register.php
CODE: class ControllerCheckoutRegister extends Controller {
LINE: 184
CODE: foreach ($custom_fields as $custom_field) {
LINE: 459
----------------------------------------------------------------
2016-06-29 17:48:36 - MOD: Modification Default
FILE: system/engine/action.php
REGEX: ~(require|include)(_once)?\(([^)]+)~
LINE: 39
FILE: system/engine/loader.php
REGEX: ~(require|include)(_once)?\(([^)]+)~
LINE: 20
LINE: 59
LINE: 80
LINE: 99
FILE: system/library/config.php
REGEX: ~(require|include)(_once)?\(([^)]+)~
LINE: 23
FILE: system/library/language.php
REGEX: ~(require|include)(_once)?\(([^)]+)~
LINE: 25
LINE: 31
----------------------------------------------------------------
MOD: admin autocomplete improved
FILE: admin/controller/common/header.php
CODE: $data['styles'] = $this->document->getStyles();
LINE: 19
FILE: admin/view/template/catalog/product_list.tpl
REGEX: /(\$\('input\[name=\\'(filter_[^\\]+).+{)(\n.+)(\n.+)(\n.+)/
LINE: 198
LINE: 218
FILE: admin/view/template/catalog/product_form.tpl
REGEX: /(\$\('input\[name=\\'([^\\]+).+{)(\n.+)(\n.+)(\n.+)/
LINE: 924
LINE: 951
LINE: 980
LINE: 1009
LINE: 1038
LINE: 1088
LINE: 1118
----------------------------------------------------------------
MOD: AIRCode Username in Header
FILE: catalog/controller/common/header.php
CODE: $data['telephone'] = $this->config->get('config_telephone');
LINE: 95
FILE: catalog/view/theme/default/template/common/header.tpl
CODE: <span class="hidden-xs hidden-sm hidden-md"><?php echo $text_account; ?></span>
LINE: 47
----------------------------------------------------------------
MOD: Auto Completar Endereço Brasil
FILE: catalog/model/localisation/zone.php
CODE: public function getZone($zone_id) {
LINE: 13
FILE: catalog/controller/account/register.php
CODE: public function customfield() {
LINE: 462
FILE: catalog/view/theme/default/template/account/register.tpl
CODE: <?php echo $footer; ?>
LINE: 766
CODE: <label class="col-sm-2 control-label" for="input-postcode"><?php echo $entry_postcode; ?></label>
LINE: 274
CODE: <label class="col-sm-2 control-label" for="input-country"><?php echo $entry_country; ?></label>
LINE: 284
CODE: <label class="col-sm-2 control-label" for="input-address-1"><?php echo $entry_address_1; ?></label>
LINE: 260
FILE: catalog/view/theme/megashop/template/account/register.tpl
CODE: <?php echo $footer; ?>
LINE: 742
CODE: <label class="col-sm-2 control-label" for="input-postcode"><?php echo $entry_postcode; ?></label>
LINE: 259
CODE: <label class="col-sm-2 control-label" for="input-country"><?php echo $entry_country; ?></label>
LINE: 269
CODE: <label class="col-sm-2 control-label" for="input-address-1"><?php echo $entry_address_1; ?></label>
LINE: 245
FILE: catalog/view/theme/default/template/affiliate/register.tpl
CODE: <?php echo $footer; ?>
LINE: 393
CODE: <label class="col-sm-2 control-label" for="input-postcode"><?php echo $entry_postcode; ?></label>
LINE: 108
CODE: <label class="col-sm-2 control-label" for="input-country"><?php echo $entry_country; ?></label>
LINE: 118
CODE: <label class="col-sm-2 control-label" for="input-address-1"><?php echo $entry_address_1; ?></label>
LINE: 94
FILE: catalog/view/theme/megashop/template/affiliate/register.tpl
CODE: <?php echo $footer; ?>
LINE: 379
CODE: <label class="col-sm-2 control-label" for="input-postcode"><?php echo $entry_postcode; ?></label>
LINE: 93
CODE: <label class="col-sm-2 control-label" for="input-country"><?php echo $entry_country; ?></label>
LINE: 103
CODE: <label class="col-sm-2 control-label" for="input-address-1"><?php echo $entry_address_1; ?></label>
LINE: 79
FILE: catalog/view/theme/default/template/account/address_form.tpl
CODE: <?php echo $footer; ?>
LINE: 476
CODE: <label class="col-sm-2 control-label" for="input-postcode"><?php echo $entry_postcode; ?></label>
LINE: 69
CODE: <label class="col-sm-2 control-label" for="input-country"><?php echo $entry_country; ?></label>
LINE: 79
CODE: <label class="col-sm-2 control-label" for="input-address-1"><?php echo $entry_address_1; ?></label>
LINE: 55
FILE: catalog/view/theme/megashop/template/account/address_form.tpl
CODE: <?php echo $footer; ?>
LINE: 459
CODE: <label class="col-sm-2 control-label" for="input-postcode"><?php echo $entry_postcode; ?></label>
LINE: 58
CODE: <label class="col-sm-2 control-label" for="input-country"><?php echo $entry_country; ?></label>
LINE: 68
CODE: <label class="col-sm-2 control-label" for="input-address-1"><?php echo $entry_address_1; ?></label>
LINE: 44
FILE: catalog/view/theme/default/template/affiliate/edit.tpl
CODE: <?php echo $footer; ?>
LINE: 257
CODE: <label class="col-sm-2 control-label" for="input-postcode"><?php echo $entry_postcode; ?></label>
LINE: 106
CODE: <label class="col-sm-2 control-label" for="input-country"><?php echo $entry_country; ?></label>
LINE: 116
CODE: <label class="col-sm-2 control-label" for="input-address-1"><?php echo $entry_address_1; ?></label>
LINE: 92
FILE: catalog/view/theme/megashop/template/affiliate/edit.tpl
CODE: <?php echo $footer; ?>
LINE: 244
CODE: <label class="col-sm-2 control-label" for="input-postcode"><?php echo $entry_postcode; ?></label>
LINE: 91
CODE: <label class="col-sm-2 control-label" for="input-country"><?php echo $entry_country; ?></label>
LINE: 101
CODE: <label class="col-sm-2 control-label" for="input-address-1"><?php echo $entry_address_1; ?></label>
LINE: 77
FILE: catalog/view/theme/default/template/checkout/register.tpl
CODE: $('#collapse-payment-address select[name=\'country_id\']').trigger('change');
LINE: 545
CODE: <label class="control-label" for="input-payment-postcode"><?php echo $entry_postcode; ?></label>
LINE: 169
CODE: <label class="control-label" for="input-payment-country"><?php echo $entry_country; ?></label>
LINE: 174
CODE: <label class="control-label" for="input-payment-address-1"><?php echo $entry_address_1; ?></label>
LINE: 162
FILE: catalog/view/theme/megashop/template/checkout/register.tpl
CODE: $('#collapse-payment-address select[name=\'country_id\']').trigger('change');
LINE: 545
CODE: <label class="control-label" for="input-payment-postcode"><?php echo $entry_postcode; ?></label>
LINE: 169
CODE: <label class="control-label" for="input-payment-country"><?php echo $entry_country; ?></label>
LINE: 174
CODE: <label class="control-label" for="input-payment-address-1"><?php echo $entry_address_1; ?></label>
LINE: 162
FILE: catalog/view/theme/default/template/checkout/guest.tpl
CODE: $('#collapse-payment-address select[name=\'country_id\']').trigger('change');
LINE: 557
CODE: <label class="control-label" for="input-payment-postcode"><?php echo $entry_postcode; ?></label>
LINE: 174
CODE: <label class="control-label" for="input-payment-country"><?php echo $entry_country; ?></label>
LINE: 179
CODE: <label class="control-label" for="input-payment-address-1"><?php echo $entry_address_1; ?></label>
LINE: 167
FILE: catalog/view/theme/megashop/template/checkout/guest.tpl
CODE: $('#collapse-payment-address select[name=\'country_id\']').trigger('change');
LINE: 557
CODE: <label class="control-label" for="input-payment-postcode"><?php echo $entry_postcode; ?></label>
LINE: 174
CODE: <label class="control-label" for="input-payment-country"><?php echo $entry_country; ?></label>
LINE: 179
CODE: <label class="control-label" for="input-payment-address-1"><?php echo $entry_address_1; ?></label>
LINE: 167
FILE: catalog/view/theme/default/template/checkout/payment_address.tpl
CODE: $('#collapse-payment-address select[name=\'country_id\']').trigger('change');
LINE: 409
CODE: <label class="col-sm-2 control-label" for="input-payment-postcode"><?php echo $entry_postcode; ?></label>
LINE: 64
CODE: <label class="col-sm-2 control-label" for="input-payment-country"><?php echo $entry_country; ?></label>
LINE: 71
CODE: <label class="col-sm-2 control-label" for="input-payment-address-1"><?php echo $entry_address_1; ?></label>
LINE: 53
FILE: catalog/view/theme/megashop/template/checkout/payment_address.tpl
CODE: $('#collapse-payment-address select[name=\'country_id\']').trigger('change');
LINE: 409
CODE: <label class="col-sm-2 control-label" for="input-payment-postcode"><?php echo $entry_postcode; ?></label>
LINE: 64
CODE: <label class="col-sm-2 control-label" for="input-payment-country"><?php echo $entry_country; ?></label>
LINE: 71
CODE: <label class="col-sm-2 control-label" for="input-payment-address-1"><?php echo $entry_address_1; ?></label>
LINE: 53
FILE: catalog/view/theme/default/template/checkout/guest_shipping.tpl
CODE: $('#collapse-shipping-address select[name=\'country_id\']').trigger('change');
LINE: 388
CODE: <label class="col-sm-2 control-label" for="input-shipping-postcode"><?php echo $entry_postcode; ?></label>
LINE: 39
CODE: <label class="col-sm-2 control-label" for="input-shipping-country"><?php echo $entry_country; ?></label>
LINE: 46
CODE: <label class="col-sm-2 control-label" for="input-shipping-address-1"><?php echo $entry_address_1; ?></label>
LINE: 28
FILE: catalog/view/theme/megashop/template/checkout/guest_shipping.tpl
CODE: $('#collapse-shipping-address select[name=\'country_id\']').trigger('change');
LINE: 388
CODE: <label class="col-sm-2 control-label" for="input-shipping-postcode"><?php echo $entry_postcode; ?></label>
LINE: 39
CODE: <label class="col-sm-2 control-label" for="input-shipping-country"><?php echo $entry_country; ?></label>
LINE: 46
CODE: <label class="col-sm-2 control-label" for="input-shipping-address-1"><?php echo $entry_address_1; ?></label>
LINE: 28
FILE: catalog/view/theme/default/template/checkout/shipping_address.tpl
CODE: $('#collapse-shipping-address select[name=\'country_id\']').trigger('change');
LINE: 408
CODE: <label class="col-sm-2 control-label" for="input-shipping-postcode"><?php echo $entry_postcode; ?></label>
LINE: 64
CODE: <label class="col-sm-2 control-label" for="input-shipping-country"><?php echo $entry_country; ?></label>
LINE: 71
CODE: <label class="col-sm-2 control-label" for="input-shipping-address-1"><?php echo $entry_address_1; ?></label>
LINE: 53
FILE: catalog/view/theme/megashop/template/checkout/shipping_address.tpl
CODE: $('#collapse-shipping-address select[name=\'country_id\']').trigger('change');
LINE: 408
CODE: <label class="col-sm-2 control-label" for="input-shipping-postcode"><?php echo $entry_postcode; ?></label>
LINE: 64
CODE: <label class="col-sm-2 control-label" for="input-shipping-country"><?php echo $entry_country; ?></label>
LINE: 71
CODE: <label class="col-sm-2 control-label" for="input-shipping-address-1"><?php echo $entry_address_1; ?></label>
LINE: 53
----------------------------------------------------------------
MOD: Boleto Caixa - Segunda Via
FILE: catalog/model/account/order.php
CODE: 'payment_method'          => $order_query->row['payment_method'],
LINE: 73
FILE: catalog/controller/account/order.php
CODE: $order_info = $this->model_account_order->getOrder($order_id);
LINE: 128
LINE: 453
CODE: $data['payment_method'] = $order_info['payment_method'];
LINE: 250
FILE: catalog/view/theme/default/template/account/order_info.tpl
CODE: <div class="buttons clearfix">
LINE: 180
FILE: catalog/view/theme/megashop/template/account/order_info.tpl
CODE: <div class="buttons clearfix">
LINE: 158
----------------------------------------------------------------
MOD: Editor e calendário traduzidos na administração
FILE: admin/view/template/common/header.tpl
CODE: <script src="view/javascript/jquery/datetimepicker/moment.js" type="text/javascript"></script>
LINE: 19
----------------------------------------------------------------
MOD: Gerenciador de arquivos com múltiplos uploads habilitado
FILE: admin/language/english/common/filemanager.php
CODE: // Text
LINE: 7
FILE: admin/language/portuguese-br/common/filemanager.php
CODE: // Text
LINE: 7
FILE: admin/controller/common/filemanager.php
CODE: public function upload() {
LINE: 301
FILE: admin/view/template/common/filemanager.tpl
CODE: $('body').prepend('<form enctype="multipart/form-data" id="form-upload" style="display: none;"><input type="file" name="file" value="" /></form>');
LINE: 139
CODE: timer = setInterval(function() {
LINE: 150
CODE: if ($('#form-upload input[name=\'file\']').val() != '') {
LINE: 160
CODE: url: 'index.php?route=common/filemanager/upload&token=<?php echo $token; ?>&directory=<?php echo $directory; ?>',
LINE: 164
CODE: data: new FormData($('#form-upload')[0]),
LINE: 167
----------------------------------------------------------------
MOD: Instalador sem FTP
FILE: admin/controller/extension/installer.php
CODE: public function ftp() {
LINE: 330
CODE: public function sql() {
LINE: 588
----------------------------------------------------------------
MOD: Mapa de vendas no Brasil
FILE: admin/controller/common/dashboard.php
CODE: $data['map'] = $this->load->controller('dashboard/map');
LINE: 41
----------------------------------------------------------------
MOD: PagSeguro Checkout Transparente
FILE: catalog/controller/checkout/checkout.php
CODE: $this->load->language('checkout/checkout');
LINE: 33
FILE: catalog/view/theme/default/template/common/footer.tpl
CODE: <p><?php echo $powered; ?></p>
LINE: 44
FILE: catalog/view/theme/megashop/template/common/footer.tpl
CODE: <p><?php echo $powered; ?></p>
LINE: 321
----------------------------------------------------------------
MOD: Status do Pedido Interativo
CODE: <h2><?php echo $heading_title; ?></h2>
LINE: 260
CODE: <?php echo $footer; ?>
LINE: 449
CODE: <h2><?php echo $heading_title; ?></h2>
NOT FOUND!
CODE: <?php echo $footer; ?>
NOT FOUND!
FILE: catalog/language/portuguese-br/portuguese-br.php
CODE: $_['date_format_short']     = 'd/m/Y';
LINE: 4
----------------------------------------------------------------
MOD: Validação CPF e CNPJ
CODE: class ControllerAccountRegister extends Controller {
LINE: 188
CODE: if ((utf8_strlen($this->request->post['password']) < 4) || (utf8_strlen($this->request->post['password']) > 20)) {
LINE: 666
FILE: catalog/controller/checkout/register.php
CODE: class ControllerCheckoutRegister extends Controller {
LINE: 184
CODE: foreach ($custom_fields as $custom_field) {
LINE: 459
----------------------------------------------------------------
2016-07-01 12:11:47 - MOD: Modification Default
FILE: system/engine/action.php
REGEX: ~(require|include)(_once)?\(([^)]+)~
LINE: 39
FILE: system/engine/loader.php
REGEX: ~(require|include)(_once)?\(([^)]+)~
LINE: 20
LINE: 59
LINE: 80
LINE: 99
FILE: system/library/config.php
REGEX: ~(require|include)(_once)?\(([^)]+)~
LINE: 23
FILE: system/library/language.php
REGEX: ~(require|include)(_once)?\(([^)]+)~
LINE: 25
LINE: 31
----------------------------------------------------------------
MOD: admin autocomplete improved
FILE: admin/controller/common/header.php
CODE: $data['styles'] = $this->document->getStyles();
LINE: 19
FILE: admin/view/template/catalog/product_list.tpl
REGEX: /(\$\('input\[name=\\'(filter_[^\\]+).+{)(\n.+)(\n.+)(\n.+)/
LINE: 198
LINE: 218
FILE: admin/view/template/catalog/product_form.tpl
REGEX: /(\$\('input\[name=\\'([^\\]+).+{)(\n.+)(\n.+)(\n.+)/
LINE: 924
LINE: 951
LINE: 980
LINE: 1009
LINE: 1038
LINE: 1088
LINE: 1118
----------------------------------------------------------------
MOD: AIRCode Username in Header
FILE: catalog/controller/common/header.php
CODE: $data['telephone'] = $this->config->get('config_telephone');
LINE: 95
FILE: catalog/view/theme/default/template/common/header.tpl
CODE: <span class="hidden-xs hidden-sm hidden-md"><?php echo $text_account; ?></span>
LINE: 47
----------------------------------------------------------------
MOD: Auto Completar Endereço Brasil
FILE: catalog/model/localisation/zone.php
CODE: public function getZone($zone_id) {
LINE: 13
FILE: catalog/controller/account/register.php
CODE: public function customfield() {
LINE: 462
FILE: catalog/view/theme/default/template/account/register.tpl
CODE: <?php echo $footer; ?>
LINE: 766
CODE: <label class="col-sm-2 control-label" for="input-postcode"><?php echo $entry_postcode; ?></label>
LINE: 274
CODE: <label class="col-sm-2 control-label" for="input-country"><?php echo $entry_country; ?></label>
LINE: 284
CODE: <label class="col-sm-2 control-label" for="input-address-1"><?php echo $entry_address_1; ?></label>
LINE: 260
FILE: catalog/view/theme/megashop/template/account/register.tpl
CODE: <?php echo $footer; ?>
LINE: 742
CODE: <label class="col-sm-2 control-label" for="input-postcode"><?php echo $entry_postcode; ?></label>
LINE: 259
CODE: <label class="col-sm-2 control-label" for="input-country"><?php echo $entry_country; ?></label>
LINE: 269
CODE: <label class="col-sm-2 control-label" for="input-address-1"><?php echo $entry_address_1; ?></label>
LINE: 245
FILE: catalog/view/theme/default/template/affiliate/register.tpl
CODE: <?php echo $footer; ?>
LINE: 393
CODE: <label class="col-sm-2 control-label" for="input-postcode"><?php echo $entry_postcode; ?></label>
LINE: 108
CODE: <label class="col-sm-2 control-label" for="input-country"><?php echo $entry_country; ?></label>
LINE: 118
CODE: <label class="col-sm-2 control-label" for="input-address-1"><?php echo $entry_address_1; ?></label>
LINE: 94
FILE: catalog/view/theme/megashop/template/affiliate/register.tpl
CODE: <?php echo $footer; ?>
LINE: 379
CODE: <label class="col-sm-2 control-label" for="input-postcode"><?php echo $entry_postcode; ?></label>
LINE: 93
CODE: <label class="col-sm-2 control-label" for="input-country"><?php echo $entry_country; ?></label>
LINE: 103
CODE: <label class="col-sm-2 control-label" for="input-address-1"><?php echo $entry_address_1; ?></label>
LINE: 79
FILE: catalog/view/theme/default/template/account/address_form.tpl
CODE: <?php echo $footer; ?>
LINE: 476
CODE: <label class="col-sm-2 control-label" for="input-postcode"><?php echo $entry_postcode; ?></label>
LINE: 69
CODE: <label class="col-sm-2 control-label" for="input-country"><?php echo $entry_country; ?></label>
LINE: 79
CODE: <label class="col-sm-2 control-label" for="input-address-1"><?php echo $entry_address_1; ?></label>
LINE: 55
FILE: catalog/view/theme/megashop/template/account/address_form.tpl
CODE: <?php echo $footer; ?>
LINE: 459
CODE: <label class="col-sm-2 control-label" for="input-postcode"><?php echo $entry_postcode; ?></label>
LINE: 58
CODE: <label class="col-sm-2 control-label" for="input-country"><?php echo $entry_country; ?></label>
LINE: 68
CODE: <label class="col-sm-2 control-label" for="input-address-1"><?php echo $entry_address_1; ?></label>
LINE: 44
FILE: catalog/view/theme/default/template/affiliate/edit.tpl
CODE: <?php echo $footer; ?>
LINE: 257
CODE: <label class="col-sm-2 control-label" for="input-postcode"><?php echo $entry_postcode; ?></label>
LINE: 106
CODE: <label class="col-sm-2 control-label" for="input-country"><?php echo $entry_country; ?></label>
LINE: 116
CODE: <label class="col-sm-2 control-label" for="input-address-1"><?php echo $entry_address_1; ?></label>
LINE: 92
FILE: catalog/view/theme/megashop/template/affiliate/edit.tpl
CODE: <?php echo $footer; ?>
LINE: 244
CODE: <label class="col-sm-2 control-label" for="input-postcode"><?php echo $entry_postcode; ?></label>
LINE: 91
CODE: <label class="col-sm-2 control-label" for="input-country"><?php echo $entry_country; ?></label>
LINE: 101
CODE: <label class="col-sm-2 control-label" for="input-address-1"><?php echo $entry_address_1; ?></label>
LINE: 77
FILE: catalog/view/theme/default/template/checkout/register.tpl
CODE: $('#collapse-payment-address select[name=\'country_id\']').trigger('change');
LINE: 545
CODE: <label class="control-label" for="input-payment-postcode"><?php echo $entry_postcode; ?></label>
LINE: 169
CODE: <label class="control-label" for="input-payment-country"><?php echo $entry_country; ?></label>
LINE: 174
CODE: <label class="control-label" for="input-payment-address-1"><?php echo $entry_address_1; ?></label>
LINE: 162
FILE: catalog/view/theme/megashop/template/checkout/register.tpl
CODE: $('#collapse-payment-address select[name=\'country_id\']').trigger('change');
LINE: 545
CODE: <label class="control-label" for="input-payment-postcode"><?php echo $entry_postcode; ?></label>
LINE: 169
CODE: <label class="control-label" for="input-payment-country"><?php echo $entry_country; ?></label>
LINE: 174
CODE: <label class="control-label" for="input-payment-address-1"><?php echo $entry_address_1; ?></label>
LINE: 162
FILE: catalog/view/theme/default/template/checkout/guest.tpl
CODE: $('#collapse-payment-address select[name=\'country_id\']').trigger('change');
LINE: 557
CODE: <label class="control-label" for="input-payment-postcode"><?php echo $entry_postcode; ?></label>
LINE: 174
CODE: <label class="control-label" for="input-payment-country"><?php echo $entry_country; ?></label>
LINE: 179
CODE: <label class="control-label" for="input-payment-address-1"><?php echo $entry_address_1; ?></label>
LINE: 167
FILE: catalog/view/theme/megashop/template/checkout/guest.tpl
CODE: $('#collapse-payment-address select[name=\'country_id\']').trigger('change');
LINE: 557
CODE: <label class="control-label" for="input-payment-postcode"><?php echo $entry_postcode; ?></label>
LINE: 174
CODE: <label class="control-label" for="input-payment-country"><?php echo $entry_country; ?></label>
LINE: 179
CODE: <label class="control-label" for="input-payment-address-1"><?php echo $entry_address_1; ?></label>
LINE: 167
FILE: catalog/view/theme/default/template/checkout/payment_address.tpl
CODE: $('#collapse-payment-address select[name=\'country_id\']').trigger('change');
LINE: 409
CODE: <label class="col-sm-2 control-label" for="input-payment-postcode"><?php echo $entry_postcode; ?></label>
LINE: 64
CODE: <label class="col-sm-2 control-label" for="input-payment-country"><?php echo $entry_country; ?></label>
LINE: 71
CODE: <label class="col-sm-2 control-label" for="input-payment-address-1"><?php echo $entry_address_1; ?></label>
LINE: 53
FILE: catalog/view/theme/megashop/template/checkout/payment_address.tpl
CODE: $('#collapse-payment-address select[name=\'country_id\']').trigger('change');
LINE: 409
CODE: <label class="col-sm-2 control-label" for="input-payment-postcode"><?php echo $entry_postcode; ?></label>
LINE: 64
CODE: <label class="col-sm-2 control-label" for="input-payment-country"><?php echo $entry_country; ?></label>
LINE: 71
CODE: <label class="col-sm-2 control-label" for="input-payment-address-1"><?php echo $entry_address_1; ?></label>
LINE: 53
FILE: catalog/view/theme/default/template/checkout/guest_shipping.tpl
CODE: $('#collapse-shipping-address select[name=\'country_id\']').trigger('change');
LINE: 388
CODE: <label class="col-sm-2 control-label" for="input-shipping-postcode"><?php echo $entry_postcode; ?></label>
LINE: 39
CODE: <label class="col-sm-2 control-label" for="input-shipping-country"><?php echo $entry_country; ?></label>
LINE: 46
CODE: <label class="col-sm-2 control-label" for="input-shipping-address-1"><?php echo $entry_address_1; ?></label>
LINE: 28
FILE: catalog/view/theme/megashop/template/checkout/guest_shipping.tpl
CODE: $('#collapse-shipping-address select[name=\'country_id\']').trigger('change');
LINE: 388
CODE: <label class="col-sm-2 control-label" for="input-shipping-postcode"><?php echo $entry_postcode; ?></label>
LINE: 39
CODE: <label class="col-sm-2 control-label" for="input-shipping-country"><?php echo $entry_country; ?></label>
LINE: 46
CODE: <label class="col-sm-2 control-label" for="input-shipping-address-1"><?php echo $entry_address_1; ?></label>
LINE: 28
FILE: catalog/view/theme/default/template/checkout/shipping_address.tpl
CODE: $('#collapse-shipping-address select[name=\'country_id\']').trigger('change');
LINE: 408
CODE: <label class="col-sm-2 control-label" for="input-shipping-postcode"><?php echo $entry_postcode; ?></label>
LINE: 64
CODE: <label class="col-sm-2 control-label" for="input-shipping-country"><?php echo $entry_country; ?></label>
LINE: 71
CODE: <label class="col-sm-2 control-label" for="input-shipping-address-1"><?php echo $entry_address_1; ?></label>
LINE: 53
FILE: catalog/view/theme/megashop/template/checkout/shipping_address.tpl
CODE: $('#collapse-shipping-address select[name=\'country_id\']').trigger('change');
LINE: 408
CODE: <label class="col-sm-2 control-label" for="input-shipping-postcode"><?php echo $entry_postcode; ?></label>
LINE: 64
CODE: <label class="col-sm-2 control-label" for="input-shipping-country"><?php echo $entry_country; ?></label>
LINE: 71
CODE: <label class="col-sm-2 control-label" for="input-shipping-address-1"><?php echo $entry_address_1; ?></label>
LINE: 53
----------------------------------------------------------------
MOD: Boleto Caixa - Segunda Via
FILE: catalog/model/account/order.php
CODE: 'payment_method'          => $order_query->row['payment_method'],
LINE: 73
FILE: catalog/controller/account/order.php
CODE: $order_info = $this->model_account_order->getOrder($order_id);
LINE: 128
LINE: 453
CODE: $data['payment_method'] = $order_info['payment_method'];
LINE: 250
FILE: catalog/view/theme/default/template/account/order_info.tpl
CODE: <div class="buttons clearfix">
LINE: 180
FILE: catalog/view/theme/megashop/template/account/order_info.tpl
CODE: <div class="buttons clearfix">
LINE: 158
----------------------------------------------------------------
MOD: Editor e calendário traduzidos na administração
FILE: admin/view/template/common/header.tpl
CODE: <script src="view/javascript/jquery/datetimepicker/moment.js" type="text/javascript"></script>
LINE: 19
----------------------------------------------------------------
MOD: Gerenciador de arquivos com múltiplos uploads habilitado
FILE: admin/language/english/common/filemanager.php
CODE: // Text
LINE: 7
FILE: admin/language/portuguese-br/common/filemanager.php
CODE: // Text
LINE: 7
FILE: admin/controller/common/filemanager.php
CODE: public function upload() {
LINE: 301
FILE: admin/view/template/common/filemanager.tpl
CODE: $('body').prepend('<form enctype="multipart/form-data" id="form-upload" style="display: none;"><input type="file" name="file" value="" /></form>');
LINE: 139
CODE: timer = setInterval(function() {
LINE: 150
CODE: if ($('#form-upload input[name=\'file\']').val() != '') {
LINE: 160
CODE: url: 'index.php?route=common/filemanager/upload&token=<?php echo $token; ?>&directory=<?php echo $directory; ?>',
LINE: 164
CODE: data: new FormData($('#form-upload')[0]),
LINE: 167
----------------------------------------------------------------
MOD: Instalador sem FTP
FILE: admin/controller/extension/installer.php
CODE: public function ftp() {
LINE: 330
CODE: public function sql() {
LINE: 588
----------------------------------------------------------------
MOD: Mapa de vendas no Brasil
FILE: admin/controller/common/dashboard.php
CODE: $data['map'] = $this->load->controller('dashboard/map');
LINE: 41
----------------------------------------------------------------
MOD: PagSeguro Checkout Transparente
FILE: catalog/controller/checkout/checkout.php
CODE: $this->load->language('checkout/checkout');
LINE: 33
FILE: catalog/view/theme/default/template/common/footer.tpl
CODE: <p><?php echo $powered; ?></p>
LINE: 44
FILE: catalog/view/theme/megashop/template/common/footer.tpl
CODE: <p><?php echo $powered; ?></p>
LINE: 321
----------------------------------------------------------------
MOD: Status do Pedido Interativo
CODE: <h2><?php echo $heading_title; ?></h2>
LINE: 260
CODE: <?php echo $footer; ?>
LINE: 449
CODE: <h2><?php echo $heading_title; ?></h2>
NOT FOUND!
CODE: <?php echo $footer; ?>
NOT FOUND!
FILE: catalog/language/portuguese-br/portuguese-br.php
CODE: $_['date_format_short']     = 'd/m/Y';
LINE: 4
----------------------------------------------------------------
MOD: Validação CPF e CNPJ
CODE: class ControllerAccountRegister extends Controller {
LINE: 188
CODE: if ((utf8_strlen($this->request->post['password']) < 4) || (utf8_strlen($this->request->post['password']) > 20)) {
LINE: 666
FILE: catalog/controller/checkout/register.php
CODE: class ControllerCheckoutRegister extends Controller {
LINE: 184
CODE: foreach ($custom_fields as $custom_field) {
LINE: 459
----------------------------------------------------------------
